
*** Running vivado
    with args -log RV32I_MCU.vds -m64 -product Vivado -mode batch -messageDb vivado.pb -notrace -source RV32I_MCU.tcl



****** Vivado v2020.2 (64-bit)
  **** SW Build 3064766 on Wed Nov 18 09:12:45 MST 2020
  **** IP Build 3064653 on Wed Nov 18 14:17:31 MST 2020
    ** Copyright 1986-2020 Xilinx, Inc. All Rights Reserved.

source RV32I_MCU.tcl -notrace
Command: synth_design -top RV32I_MCU -part xc7a35tcpg236-1
Starting synth_design
Attempting to get a license for feature 'Synthesis' and/or device 'xc7a35t'
INFO: [Common 17-349] Got license for feature 'Synthesis' and/or device 'xc7a35t'
INFO: [Device 21-403] Loading part xc7a35tcpg236-1
INFO: [Synth 8-7079] Multithreading enabled for synth_design using a maximum of 2 processes.
INFO: [Synth 8-7078] Launching helper process for spawning children vivado processes
INFO: [Synth 8-7075] Helper process launched with PID 17328
---------------------------------------------------------------------------------
Starting RTL Elaboration : Time (s): cpu = 00:00:00 ; elapsed = 00:00:03 . Memory (MB): peak = 1104.305 ; gain = 0.000
---------------------------------------------------------------------------------
INFO: [Synth 8-6157] synthesizing module 'RV32I_MCU' [D:/FPGA_RISC/20240608_CPU_prj2/20240608_CPU_prj2.srcs/sources_1/imports/new/RV32I.sv:3]
INFO: [Synth 8-6157] synthesizing module 'InstructionMemory' [D:/FPGA_RISC/20240608_CPU_prj2/20240608_CPU_prj2.srcs/sources_1/imports/new/InstructionMemory.sv:3]
INFO: [Synth 8-3876] $readmem data file 'inst.mem' is read successfully [D:/FPGA_RISC/20240608_CPU_prj2/20240608_CPU_prj2.srcs/sources_1/imports/new/InstructionMemory.sv:11]
INFO: [Synth 8-6155] done synthesizing module 'InstructionMemory' (1#1) [D:/FPGA_RISC/20240608_CPU_prj2/20240608_CPU_prj2.srcs/sources_1/imports/new/InstructionMemory.sv:3]
INFO: [Synth 8-6157] synthesizing module 'CPU_Core' [D:/FPGA_RISC/20240608_CPU_prj2/20240608_CPU_prj2.srcs/sources_1/imports/new/CPU_Core.sv:3]
INFO: [Synth 8-6157] synthesizing module 'ControlUnit' [D:/FPGA_RISC/20240608_CPU_prj2/20240608_CPU_prj2.srcs/sources_1/imports/new/ControlUnit.sv:5]
INFO: [Synth 8-6155] done synthesizing module 'ControlUnit' (2#1) [D:/FPGA_RISC/20240608_CPU_prj2/20240608_CPU_prj2.srcs/sources_1/imports/new/ControlUnit.sv:5]
INFO: [Synth 8-6157] synthesizing module 'Datapath' [D:/FPGA_RISC/20240608_CPU_prj2/20240608_CPU_prj2.srcs/sources_1/imports/new/DataPath.sv:4]
INFO: [Synth 8-6157] synthesizing module 'DataPath_Register' [D:/FPGA_RISC/20240608_CPU_prj2/20240608_CPU_prj2.srcs/sources_1/imports/new/DataPath.sv:142]
INFO: [Synth 8-6155] done synthesizing module 'DataPath_Register' (3#1) [D:/FPGA_RISC/20240608_CPU_prj2/20240608_CPU_prj2.srcs/sources_1/imports/new/DataPath.sv:142]
INFO: [Synth 8-6157] synthesizing module 'mux_2x1' [D:/FPGA_RISC/20240608_CPU_prj2/20240608_CPU_prj2.srcs/sources_1/imports/new/DataPath.sv:230]
INFO: [Synth 8-226] default block is never used [D:/FPGA_RISC/20240608_CPU_prj2/20240608_CPU_prj2.srcs/sources_1/imports/new/DataPath.sv:238]
INFO: [Synth 8-6155] done synthesizing module 'mux_2x1' (4#1) [D:/FPGA_RISC/20240608_CPU_prj2/20240608_CPU_prj2.srcs/sources_1/imports/new/DataPath.sv:230]
INFO: [Synth 8-6157] synthesizing module 'adder' [D:/FPGA_RISC/20240608_CPU_prj2/20240608_CPU_prj2.srcs/sources_1/imports/new/DataPath.sv:191]
INFO: [Synth 8-6155] done synthesizing module 'adder' (5#1) [D:/FPGA_RISC/20240608_CPU_prj2/20240608_CPU_prj2.srcs/sources_1/imports/new/DataPath.sv:191]
INFO: [Synth 8-6157] synthesizing module 'RegisterFile' [D:/FPGA_RISC/20240608_CPU_prj2/20240608_CPU_prj2.srcs/sources_1/imports/new/DataPath.sv:116]
INFO: [Synth 8-6155] done synthesizing module 'RegisterFile' (6#1) [D:/FPGA_RISC/20240608_CPU_prj2/20240608_CPU_prj2.srcs/sources_1/imports/new/DataPath.sv:116]
INFO: [Synth 8-6157] synthesizing module 'ALU' [D:/FPGA_RISC/20240608_CPU_prj2/20240608_CPU_prj2.srcs/sources_1/imports/new/DataPath.sv:154]
INFO: [Synth 8-6155] done synthesizing module 'ALU' (7#1) [D:/FPGA_RISC/20240608_CPU_prj2/20240608_CPU_prj2.srcs/sources_1/imports/new/DataPath.sv:154]
INFO: [Synth 8-6157] synthesizing module 'mux_5x1' [D:/FPGA_RISC/20240608_CPU_prj2/20240608_CPU_prj2.srcs/sources_1/imports/new/DataPath.sv:246]
INFO: [Synth 8-6155] done synthesizing module 'mux_5x1' (8#1) [D:/FPGA_RISC/20240608_CPU_prj2/20240608_CPU_prj2.srcs/sources_1/imports/new/DataPath.sv:246]
INFO: [Synth 8-6157] synthesizing module 'extend' [D:/FPGA_RISC/20240608_CPU_prj2/20240608_CPU_prj2.srcs/sources_1/imports/new/DataPath.sv:199]
INFO: [Synth 8-6155] done synthesizing module 'extend' (9#1) [D:/FPGA_RISC/20240608_CPU_prj2/20240608_CPU_prj2.srcs/sources_1/imports/new/DataPath.sv:199]
INFO: [Synth 8-6155] done synthesizing module 'Datapath' (10#1) [D:/FPGA_RISC/20240608_CPU_prj2/20240608_CPU_prj2.srcs/sources_1/imports/new/DataPath.sv:4]
INFO: [Synth 8-6155] done synthesizing module 'CPU_Core' (11#1) [D:/FPGA_RISC/20240608_CPU_prj2/20240608_CPU_prj2.srcs/sources_1/imports/new/CPU_Core.sv:3]
INFO: [Synth 8-6157] synthesizing module 'BUS_Interconnector' [D:/FPGA_RISC/20240608_CPU_prj2/20240608_CPU_prj2.srcs/sources_1/imports/new/BUS_Interconnector.sv:3]
INFO: [Synth 8-6157] synthesizing module 'DECODER' [D:/FPGA_RISC/20240608_CPU_prj2/20240608_CPU_prj2.srcs/sources_1/imports/new/BUS_Interconnector.sv:41]
INFO: [Synth 8-6155] done synthesizing module 'DECODER' (12#1) [D:/FPGA_RISC/20240608_CPU_prj2/20240608_CPU_prj2.srcs/sources_1/imports/new/BUS_Interconnector.sv:41]
INFO: [Synth 8-6157] synthesizing module 'BUS_MUX' [D:/FPGA_RISC/20240608_CPU_prj2/20240608_CPU_prj2.srcs/sources_1/imports/new/BUS_Interconnector.sv:64]
INFO: [Synth 8-6155] done synthesizing module 'BUS_MUX' (13#1) [D:/FPGA_RISC/20240608_CPU_prj2/20240608_CPU_prj2.srcs/sources_1/imports/new/BUS_Interconnector.sv:64]
INFO: [Synth 8-6155] done synthesizing module 'BUS_Interconnector' (14#1) [D:/FPGA_RISC/20240608_CPU_prj2/20240608_CPU_prj2.srcs/sources_1/imports/new/BUS_Interconnector.sv:3]
INFO: [Synth 8-6157] synthesizing module 'DataMemory' [D:/FPGA_RISC/20240608_CPU_prj2/20240608_CPU_prj2.srcs/sources_1/imports/new/DataMemory.sv:4]
INFO: [Synth 8-6155] done synthesizing module 'DataMemory' (15#1) [D:/FPGA_RISC/20240608_CPU_prj2/20240608_CPU_prj2.srcs/sources_1/imports/new/DataMemory.sv:4]
INFO: [Synth 8-6157] synthesizing module 'GPI' [D:/FPGA_RISC/20240608_CPU_prj2/20240608_CPU_prj2.srcs/sources_1/imports/new/GPI.sv:3]
INFO: [Synth 8-6155] done synthesizing module 'GPI' (16#1) [D:/FPGA_RISC/20240608_CPU_prj2/20240608_CPU_prj2.srcs/sources_1/imports/new/GPI.sv:3]
WARNING: [Synth 8-689] width (32) of port connection 'addr' does not match port width (1) of module 'GPI' [D:/FPGA_RISC/20240608_CPU_prj2/20240608_CPU_prj2.srcs/sources_1/imports/new/RV32I.sv:88]
INFO: [Synth 8-6157] synthesizing module 'GPO' [D:/FPGA_RISC/20240608_CPU_prj2/20240608_CPU_prj2.srcs/sources_1/imports/new/GPO.sv:3]
INFO: [Synth 8-6155] done synthesizing module 'GPO' (17#1) [D:/FPGA_RISC/20240608_CPU_prj2/20240608_CPU_prj2.srcs/sources_1/imports/new/GPO.sv:3]
INFO: [Synth 8-6157] synthesizing module 'GPIO' [D:/FPGA_RISC/20240608_CPU_prj2/20240608_CPU_prj2.srcs/sources_1/imports/new/GPIO.sv:2]
INFO: [Synth 8-6155] done synthesizing module 'GPIO' (18#1) [D:/FPGA_RISC/20240608_CPU_prj2/20240608_CPU_prj2.srcs/sources_1/imports/new/GPIO.sv:2]
INFO: [Synth 8-6157] synthesizing module 'FND' [D:/FPGA_RISC/20240608_CPU_prj2/20240608_CPU_prj2.srcs/sources_1/imports/new/FND.sv:3]
INFO: [Synth 8-6157] synthesizing module 'fndController' [D:/FPGA_RISC/20240608_CPU_prj2/20240608_CPU_prj2.srcs/sources_1/imports/new/fndController.sv:3]
INFO: [Synth 8-6157] synthesizing module 'clkDiv' [D:/FPGA_RISC/20240608_CPU_prj2/20240608_CPU_prj2.srcs/sources_1/imports/new/fndController.sv:166]
	Parameter MAX_COUNT bound to: 100000 - type: integer 
INFO: [Synth 8-6155] done synthesizing module 'clkDiv' (19#1) [D:/FPGA_RISC/20240608_CPU_prj2/20240608_CPU_prj2.srcs/sources_1/imports/new/fndController.sv:166]
INFO: [Synth 8-6157] synthesizing module 'counter' [D:/FPGA_RISC/20240608_CPU_prj2/20240608_CPU_prj2.srcs/sources_1/imports/new/fndController.sv:143]
INFO: [Synth 8-6155] done synthesizing module 'counter' (20#1) [D:/FPGA_RISC/20240608_CPU_prj2/20240608_CPU_prj2.srcs/sources_1/imports/new/fndController.sv:143]
INFO: [Synth 8-6157] synthesizing module 'twoTofour_decoder' [D:/FPGA_RISC/20240608_CPU_prj2/20240608_CPU_prj2.srcs/sources_1/imports/new/fndController.sv:127]
INFO: [Synth 8-226] default block is never used [D:/FPGA_RISC/20240608_CPU_prj2/20240608_CPU_prj2.srcs/sources_1/imports/new/fndController.sv:132]
INFO: [Synth 8-6155] done synthesizing module 'twoTofour_decoder' (21#1) [D:/FPGA_RISC/20240608_CPU_prj2/20240608_CPU_prj2.srcs/sources_1/imports/new/fndController.sv:127]
INFO: [Synth 8-6157] synthesizing module 'digitSplitter' [D:/FPGA_RISC/20240608_CPU_prj2/20240608_CPU_prj2.srcs/sources_1/imports/new/fndController.sv:61]
INFO: [Synth 8-6155] done synthesizing module 'digitSplitter' (22#1) [D:/FPGA_RISC/20240608_CPU_prj2/20240608_CPU_prj2.srcs/sources_1/imports/new/fndController.sv:61]
INFO: [Synth 8-6157] synthesizing module 'mux_41' [D:/FPGA_RISC/20240608_CPU_prj2/20240608_CPU_prj2.srcs/sources_1/imports/new/fndController.sv:76]
INFO: [Synth 8-226] default block is never used [D:/FPGA_RISC/20240608_CPU_prj2/20240608_CPU_prj2.srcs/sources_1/imports/new/fndController.sv:85]
INFO: [Synth 8-6155] done synthesizing module 'mux_41' (23#1) [D:/FPGA_RISC/20240608_CPU_prj2/20240608_CPU_prj2.srcs/sources_1/imports/new/fndController.sv:76]
INFO: [Synth 8-6157] synthesizing module 'BCDtoSEG' [D:/FPGA_RISC/20240608_CPU_prj2/20240608_CPU_prj2.srcs/sources_1/imports/new/fndController.sv:98]
INFO: [Synth 8-226] default block is never used [D:/FPGA_RISC/20240608_CPU_prj2/20240608_CPU_prj2.srcs/sources_1/imports/new/fndController.sv:103]
INFO: [Synth 8-6155] done synthesizing module 'BCDtoSEG' (24#1) [D:/FPGA_RISC/20240608_CPU_prj2/20240608_CPU_prj2.srcs/sources_1/imports/new/fndController.sv:98]
INFO: [Synth 8-6155] done synthesizing module 'fndController' (25#1) [D:/FPGA_RISC/20240608_CPU_prj2/20240608_CPU_prj2.srcs/sources_1/imports/new/fndController.sv:3]
INFO: [Synth 8-6155] done synthesizing module 'FND' (26#1) [D:/FPGA_RISC/20240608_CPU_prj2/20240608_CPU_prj2.srcs/sources_1/imports/new/FND.sv:3]
INFO: [Synth 8-6157] synthesizing module 'UART_FIFO_IP' [D:/FPGA_RISC/20240608_CPU_prj2/20240608_CPU_prj2.srcs/sources_1/imports/new/UART_FIFO_IP.sv:3]
INFO: [Synth 8-6157] synthesizing module 'UART_FIFO' [D:/FPGA_RISC/20240608_CPU_prj2/20240608_CPU_prj2.srcs/sources_1/imports/new/UART_FIFO.sv:3]
INFO: [Synth 8-6157] synthesizing module 'FIFO' [D:/FPGA_RISC/20240608_CPU_prj2/20240608_CPU_prj2.srcs/sources_1/imports/new/FIFO.sv:3]
	Parameter ADDR_WIDTH bound to: 3 - type: integer 
	Parameter DATA_WIDTH bound to: 8 - type: integer 
INFO: [Synth 8-6157] synthesizing module 'register' [D:/FPGA_RISC/20240608_CPU_prj2/20240608_CPU_prj2.srcs/sources_1/imports/new/FIFO.sv:44]
	Parameter ADDR_WIDTH bound to: 3 - type: integer 
	Parameter DATA_WIDTH bound to: 8 - type: integer 
INFO: [Synth 8-6155] done synthesizing module 'register' (27#1) [D:/FPGA_RISC/20240608_CPU_prj2/20240608_CPU_prj2.srcs/sources_1/imports/new/FIFO.sv:44]
INFO: [Synth 8-6157] synthesizing module 'fifo_control_unit' [D:/FPGA_RISC/20240608_CPU_prj2/20240608_CPU_prj2.srcs/sources_1/imports/new/FIFO.sv:67]
	Parameter ADDR_WIDTH bound to: 3 - type: integer 
INFO: [Synth 8-155] case statement is not full and has no default [D:/FPGA_RISC/20240608_CPU_prj2/20240608_CPU_prj2.srcs/sources_1/imports/new/FIFO.sv:108]
INFO: [Synth 8-6155] done synthesizing module 'fifo_control_unit' (28#1) [D:/FPGA_RISC/20240608_CPU_prj2/20240608_CPU_prj2.srcs/sources_1/imports/new/FIFO.sv:67]
INFO: [Synth 8-6155] done synthesizing module 'FIFO' (29#1) [D:/FPGA_RISC/20240608_CPU_prj2/20240608_CPU_prj2.srcs/sources_1/imports/new/FIFO.sv:3]
INFO: [Synth 8-6157] synthesizing module 'UART' [D:/FPGA_RISC/20240608_CPU_prj2/20240608_CPU_prj2.srcs/sources_1/imports/new/UART.sv:3]
INFO: [Synth 8-6157] synthesizing module 'buadrate_generator' [D:/FPGA_RISC/20240608_CPU_prj2/20240608_CPU_prj2.srcs/sources_1/imports/new/UART.sv:43]
INFO: [Synth 8-6155] done synthesizing module 'buadrate_generator' (30#1) [D:/FPGA_RISC/20240608_CPU_prj2/20240608_CPU_prj2.srcs/sources_1/imports/new/UART.sv:43]
INFO: [Synth 8-6157] synthesizing module 'trasmitter' [D:/FPGA_RISC/20240608_CPU_prj2/20240608_CPU_prj2.srcs/sources_1/imports/new/UART.sv:77]
	Parameter IDLE bound to: 0 - type: integer 
	Parameter START bound to: 1 - type: integer 
	Parameter DATA bound to: 2 - type: integer 
	Parameter STOP bound to: 3 - type: integer 
INFO: [Synth 8-6155] done synthesizing module 'trasmitter' (31#1) [D:/FPGA_RISC/20240608_CPU_prj2/20240608_CPU_prj2.srcs/sources_1/imports/new/UART.sv:77]
INFO: [Synth 8-6157] synthesizing module 'receive' [D:/FPGA_RISC/20240608_CPU_prj2/20240608_CPU_prj2.srcs/sources_1/imports/new/UART.sv:182]
	Parameter IDLE bound to: 0 - type: integer 
	Parameter START bound to: 1 - type: integer 
	Parameter DATA bound to: 2 - type: integer 
	Parameter STOP bound to: 3 - type: integer 
INFO: [Synth 8-6155] done synthesizing module 'receive' (32#1) [D:/FPGA_RISC/20240608_CPU_prj2/20240608_CPU_prj2.srcs/sources_1/imports/new/UART.sv:182]
INFO: [Synth 8-6155] done synthesizing module 'UART' (33#1) [D:/FPGA_RISC/20240608_CPU_prj2/20240608_CPU_prj2.srcs/sources_1/imports/new/UART.sv:3]
INFO: [Synth 8-6155] done synthesizing module 'UART_FIFO' (34#1) [D:/FPGA_RISC/20240608_CPU_prj2/20240608_CPU_prj2.srcs/sources_1/imports/new/UART_FIFO.sv:3]
INFO: [Synth 8-6155] done synthesizing module 'UART_FIFO_IP' (35#1) [D:/FPGA_RISC/20240608_CPU_prj2/20240608_CPU_prj2.srcs/sources_1/imports/new/UART_FIFO_IP.sv:3]
INFO: [Synth 8-6157] synthesizing module 'button_IP' [D:/FPGA_RISC/20240608_CPU_prj2/20240608_CPU_prj2.srcs/sources_1/new/button_IP.sv:3]
INFO: [Synth 8-6157] synthesizing module 'button' [D:/FPGA_RISC/20240608_CPU_prj2/20240608_CPU_prj2.srcs/sources_1/new/button_IP.sv:45]
	Parameter N bound to: 8 - type: integer 
INFO: [Synth 8-6155] done synthesizing module 'button' (36#1) [D:/FPGA_RISC/20240608_CPU_prj2/20240608_CPU_prj2.srcs/sources_1/new/button_IP.sv:45]
INFO: [Synth 8-6155] done synthesizing module 'button_IP' (37#1) [D:/FPGA_RISC/20240608_CPU_prj2/20240608_CPU_prj2.srcs/sources_1/new/button_IP.sv:3]
WARNING: [Synth 8-689] width (32) of port connection 'addr' does not match port width (1) of module 'button_IP' [D:/FPGA_RISC/20240608_CPU_prj2/20240608_CPU_prj2.srcs/sources_1/imports/new/RV32I.sv:169]
INFO: [Synth 8-6157] synthesizing module 'DownCounter_IP' [D:/FPGA_RISC/20240608_CPU_prj2/20240608_CPU_prj2.srcs/sources_1/new/Counter3.sv:3]
INFO: [Synth 8-6157] synthesizing module 'DownCounterTop' [D:/FPGA_RISC/20240608_CPU_prj2/20240608_CPU_prj2.srcs/sources_1/new/Counter3.sv:65]
INFO: [Synth 8-6157] synthesizing module 'clkDiv__parameterized0' [D:/FPGA_RISC/20240608_CPU_prj2/20240608_CPU_prj2.srcs/sources_1/imports/new/fndController.sv:166]
	Parameter MAX_COUNT bound to: 100000000 - type: integer 
INFO: [Synth 8-6155] done synthesizing module 'clkDiv__parameterized0' (37#1) [D:/FPGA_RISC/20240608_CPU_prj2/20240608_CPU_prj2.srcs/sources_1/imports/new/fndController.sv:166]
INFO: [Synth 8-6157] synthesizing module 'DownCounter3' [D:/FPGA_RISC/20240608_CPU_prj2/20240608_CPU_prj2.srcs/sources_1/new/Counter3.sv:95]
INFO: [Synth 8-6155] done synthesizing module 'DownCounter3' (38#1) [D:/FPGA_RISC/20240608_CPU_prj2/20240608_CPU_prj2.srcs/sources_1/new/Counter3.sv:95]
INFO: [Synth 8-6155] done synthesizing module 'DownCounterTop' (39#1) [D:/FPGA_RISC/20240608_CPU_prj2/20240608_CPU_prj2.srcs/sources_1/new/Counter3.sv:65]
INFO: [Synth 8-6155] done synthesizing module 'DownCounter_IP' (40#1) [D:/FPGA_RISC/20240608_CPU_prj2/20240608_CPU_prj2.srcs/sources_1/new/Counter3.sv:3]
INFO: [Synth 8-6155] done synthesizing module 'RV32I_MCU' (41#1) [D:/FPGA_RISC/20240608_CPU_prj2/20240608_CPU_prj2.srcs/sources_1/imports/new/RV32I.sv:3]
---------------------------------------------------------------------------------
Finished RTL Elaboration : Time (s): cpu = 00:00:01 ; elapsed = 00:00:04 . Memory (MB): peak = 1104.305 ; gain = 0.000
---------------------------------------------------------------------------------
---------------------------------------------------------------------------------
Start Handling Custom Attributes
---------------------------------------------------------------------------------
---------------------------------------------------------------------------------
Finished Handling Custom Attributes : Time (s): cpu = 00:00:01 ; elapsed = 00:00:04 . Memory (MB): peak = 1104.305 ; gain = 0.000
---------------------------------------------------------------------------------
---------------------------------------------------------------------------------
Finished RTL Optimization Phase 1 : Time (s): cpu = 00:00:01 ; elapsed = 00:00:04 . Memory (MB): peak = 1104.305 ; gain = 0.000
---------------------------------------------------------------------------------
Netlist sorting complete. Time (s): cpu = 00:00:00 ; elapsed = 00:00:00.052 . Memory (MB): peak = 1104.305 ; gain = 0.000
INFO: [Project 1-570] Preparing netlist for logic optimization

Processing XDC Constraints
Initializing timing engine
Parsing XDC File [D:/FPGA_RISC/20240608_CPU_prj2/20240608_CPU_prj2.srcs/constrs_1/imports/untill/MY_Basys-3-Master.xdc]
Finished Parsing XDC File [D:/FPGA_RISC/20240608_CPU_prj2/20240608_CPU_prj2.srcs/constrs_1/imports/untill/MY_Basys-3-Master.xdc]
INFO: [Project 1-236] Implementation specific constraints were found while reading constraint file [D:/FPGA_RISC/20240608_CPU_prj2/20240608_CPU_prj2.srcs/constrs_1/imports/untill/MY_Basys-3-Master.xdc]. These constraints will be ignored for synthesis but will be used in implementation. Impacted constraints are listed in the file [.Xil/RV32I_MCU_propImpl.xdc].
Resolution: To avoid this warning, move constraints listed in [.Xil/RV32I_MCU_propImpl.xdc] to another XDC file and exclude this new file from synthesis with the used_in_synthesis property (File Properties dialog in GUI) and re-run elaboration/synthesis.
Completed Processing XDC Constraints

Netlist sorting complete. Time (s): cpu = 00:00:00 ; elapsed = 00:00:00 . Memory (MB): peak = 1182.832 ; gain = 0.000
INFO: [Project 1-111] Unisim Transformation Summary:
No Unisim elements were transformed.

Constraint Validation Runtime : Time (s): cpu = 00:00:00 ; elapsed = 00:00:00.005 . Memory (MB): peak = 1182.832 ; gain = 0.000
---------------------------------------------------------------------------------
Finished Constraint Validation : Time (s): cpu = 00:00:03 ; elapsed = 00:00:11 . Memory (MB): peak = 1182.832 ; gain = 78.527
---------------------------------------------------------------------------------
---------------------------------------------------------------------------------
Start Loading Part and Timing Information
---------------------------------------------------------------------------------
Loading part: xc7a35tcpg236-1
---------------------------------------------------------------------------------
Finished Loading Part and Timing Information : Time (s): cpu = 00:00:03 ; elapsed = 00:00:11 . Memory (MB): peak = 1182.832 ; gain = 78.527
---------------------------------------------------------------------------------
---------------------------------------------------------------------------------
Start Applying 'set_property' XDC Constraints
---------------------------------------------------------------------------------
---------------------------------------------------------------------------------
Finished applying 'set_property' XDC Constraints : Time (s): cpu = 00:00:03 ; elapsed = 00:00:11 . Memory (MB): peak = 1182.832 ; gain = 78.527
---------------------------------------------------------------------------------
INFO: [Synth 8-802] inferred FSM for state register 'state_reg' in module 'trasmitter'
INFO: [Synth 8-802] inferred FSM for state register 'state_reg' in module 'receive'
WARNING: [Synth 8-327] inferring latch for variable 'loadType_reg' [D:/FPGA_RISC/20240608_CPU_prj2/20240608_CPU_prj2.srcs/sources_1/imports/new/ControlUnit.sv:65]
WARNING: [Synth 8-327] inferring latch for variable 'StoreType_reg' [D:/FPGA_RISC/20240608_CPU_prj2/20240608_CPU_prj2.srcs/sources_1/imports/new/ControlUnit.sv:66]
WARNING: [Synth 8-327] inferring latch for variable 'IDR_reg' [D:/FPGA_RISC/20240608_CPU_prj2/20240608_CPU_prj2.srcs/sources_1/imports/new/GPI.sv:12]
---------------------------------------------------------------------------------------------------
                   State |                     New Encoding |                Previous Encoding 
---------------------------------------------------------------------------------------------------
                    IDLE |                               00 |                               00
                   START |                               01 |                               01
                    DATA |                               10 |                               10
                    STOP |                               11 |                               11
---------------------------------------------------------------------------------------------------
INFO: [Synth 8-3354] encoded FSM with state register 'state_reg' using encoding 'sequential' in module 'trasmitter'
WARNING: [Synth 8-327] inferring latch for variable 'tx_done_reg_reg' [D:/FPGA_RISC/20240608_CPU_prj2/20240608_CPU_prj2.srcs/sources_1/imports/new/UART.sv:96]
---------------------------------------------------------------------------------------------------
                   State |                     New Encoding |                Previous Encoding 
---------------------------------------------------------------------------------------------------
                    IDLE |                               00 |                               00
                   START |                               01 |                               01
                    DATA |                               10 |                               10
                    STOP |                               11 |                               11
---------------------------------------------------------------------------------------------------
INFO: [Synth 8-3354] encoded FSM with state register 'state_reg' using encoding 'sequential' in module 'receive'
---------------------------------------------------------------------------------
Finished RTL Optimization Phase 2 : Time (s): cpu = 00:00:03 ; elapsed = 00:00:12 . Memory (MB): peak = 1182.832 ; gain = 78.527
---------------------------------------------------------------------------------
---------------------------------------------------------------------------------
Start RTL Component Statistics 
---------------------------------------------------------------------------------
Detailed RTL Component Info : 
+---Adders : 
	   2 Input   32 Bit       Adders := 3     
	   3 Input   32 Bit       Adders := 1     
	   2 Input   27 Bit       Adders := 1     
	   2 Input   17 Bit       Adders := 1     
	   2 Input   10 Bit       Adders := 1     
	   2 Input    4 Bit       Adders := 2     
	   2 Input    3 Bit       Adders := 6     
	   2 Input    2 Bit       Adders := 1     
+---XORs : 
	   2 Input     32 Bit         XORs := 1     
+---Registers : 
	               32 Bit    Registers := 19    
	               27 Bit    Registers := 1     
	               17 Bit    Registers := 1     
	               10 Bit    Registers := 1     
	                8 Bit    Registers := 3     
	                4 Bit    Registers := 2     
	                3 Bit    Registers := 6     
	                2 Bit    Registers := 1     
	                1 Bit    Registers := 11    
+---RAMs : 
	               2K Bit	(64 X 32 bit)          RAMs := 1     
+---Muxes : 
	  51 Input   32 Bit        Muxes := 1     
	   2 Input   32 Bit        Muxes := 12    
	  12 Input   32 Bit        Muxes := 1     
	   4 Input   32 Bit        Muxes := 6     
	   6 Input   32 Bit        Muxes := 1     
	   3 Input   32 Bit        Muxes := 1     
	   2 Input   27 Bit        Muxes := 1     
	   2 Input   17 Bit        Muxes := 1     
	   3 Input   12 Bit        Muxes := 1     
	  10 Input   12 Bit        Muxes := 1     
	  12 Input   11 Bit        Muxes := 1     
	   2 Input   11 Bit        Muxes := 1     
	   4 Input    8 Bit        Muxes := 2     
	   3 Input    4 Bit        Muxes := 1     
	  12 Input    4 Bit        Muxes := 1     
	   4 Input    4 Bit        Muxes := 4     
	   2 Input    4 Bit        Muxes := 3     
	   4 Input    3 Bit        Muxes := 2     
	   2 Input    3 Bit        Muxes := 1     
	   2 Input    2 Bit        Muxes := 3     
	   4 Input    2 Bit        Muxes := 2     
	   2 Input    1 Bit        Muxes := 5     
	   3 Input    1 Bit        Muxes := 9     
	   4 Input    1 Bit        Muxes := 24    
---------------------------------------------------------------------------------
Finished RTL Component Statistics 
---------------------------------------------------------------------------------
---------------------------------------------------------------------------------
Start Part Resource Summary
---------------------------------------------------------------------------------
Part Resources:
DSPs: 90 (col length:60)
BRAMs: 100 (col length: RAMB18 60 RAMB36 30)
---------------------------------------------------------------------------------
Finished Part Resource Summary
---------------------------------------------------------------------------------
---------------------------------------------------------------------------------
Start Cross Boundary and Area Optimization
---------------------------------------------------------------------------------
INFO: [Synth 8-6851] RAM (U_RAM/ram_reg) has partial Byte Wide Write Enable pattern, however no output register found in fanout of RAM. Recommended to use supported Byte Wide Write Enable template. 
---------------------------------------------------------------------------------
Finished Cross Boundary and Area Optimization : Time (s): cpu = 00:00:08 ; elapsed = 00:00:33 . Memory (MB): peak = 1189.465 ; gain = 85.160
---------------------------------------------------------------------------------
---------------------------------------------------------------------------------
Start ROM, RAM, DSP, Shift Register and Retiming Reporting
---------------------------------------------------------------------------------

Distributed RAM: Preliminary Mapping	Report (see note below)
+------------+---------------------------------------------------------+-----------+----------------------+----------------+
|Module Name | RTL Object                                              | Inference | Size (Depth x Width) | Primitives     | 
+------------+---------------------------------------------------------+-----------+----------------------+----------------+
|RV32I_MCU   | U_CPU_Core/U_DataPath/U_RegisterFile/RegFile_reg        | Implied   | 32 x 32              | RAM32M x 12	   | 
|RV32I_MCU   | U_RAM/ram_reg                                           | Implied   | 64 x 32              | RAM64X1S x 32	 | 
|RV32I_MCU   | U_UART_FIFO_IP/U_uart_fifo/U_TX_fifo/U_register/mem_reg | Implied   | 8 x 8                | RAM32M x 2	    | 
|RV32I_MCU   | U_UART_FIFO_IP/U_uart_fifo/U_RX_fifo/U_register/mem_reg | Implied   | 8 x 8                | RAM32M x 2	    | 
+------------+---------------------------------------------------------+-----------+----------------------+----------------+

Note: The table above is a preliminary report that shows the Distributed RAMs at the current stage of the synthesis flow. Some Distributed RAMs may be reimplemented as non Distributed RAM primitives later in the synthesis flow. Multiple instantiated RAMs are reported only once.
---------------------------------------------------------------------------------
Finished ROM, RAM, DSP, Shift Register and Retiming Reporting
---------------------------------------------------------------------------------
---------------------------------------------------------------------------------
Start Applying XDC Timing Constraints
---------------------------------------------------------------------------------
---------------------------------------------------------------------------------
Finished Applying XDC Timing Constraints : Time (s): cpu = 00:00:11 ; elapsed = 00:00:40 . Memory (MB): peak = 1189.465 ; gain = 85.160
---------------------------------------------------------------------------------
---------------------------------------------------------------------------------
Start Timing Optimization
---------------------------------------------------------------------------------
---------------------------------------------------------------------------------
Finished Timing Optimization : Time (s): cpu = 00:00:15 ; elapsed = 00:00:51 . Memory (MB): peak = 1373.883 ; gain = 269.578
---------------------------------------------------------------------------------
---------------------------------------------------------------------------------
Start ROM, RAM, DSP, Shift Register and Retiming Reporting
---------------------------------------------------------------------------------

Distributed RAM: Final Mapping	Report
+------------+---------------------------------------------------------+-----------+----------------------+----------------+
|Module Name | RTL Object                                              | Inference | Size (Depth x Width) | Primitives     | 
+------------+---------------------------------------------------------+-----------+----------------------+----------------+
|RV32I_MCU   | U_CPU_Core/U_DataPath/U_RegisterFile/RegFile_reg        | Implied   | 32 x 32              | RAM32M x 12	   | 
|RV32I_MCU   | U_RAM/ram_reg                                           | Implied   | 64 x 32              | RAM64X1S x 32	 | 
|RV32I_MCU   | U_UART_FIFO_IP/U_uart_fifo/U_TX_fifo/U_register/mem_reg | Implied   | 8 x 8                | RAM32M x 2	    | 
|RV32I_MCU   | U_UART_FIFO_IP/U_uart_fifo/U_RX_fifo/U_register/mem_reg | Implied   | 8 x 8                | RAM32M x 2	    | 
+------------+---------------------------------------------------------+-----------+----------------------+----------------+

---------------------------------------------------------------------------------
Finished ROM, RAM, DSP, Shift Register and Retiming Reporting
---------------------------------------------------------------------------------
---------------------------------------------------------------------------------
Start Technology Mapping
---------------------------------------------------------------------------------
---------------------------------------------------------------------------------
Finished Technology Mapping : Time (s): cpu = 00:00:16 ; elapsed = 00:00:54 . Memory (MB): peak = 1373.883 ; gain = 269.578
---------------------------------------------------------------------------------
---------------------------------------------------------------------------------
Start IO Insertion
---------------------------------------------------------------------------------
---------------------------------------------------------------------------------
Start Flattening Before IO Insertion
---------------------------------------------------------------------------------
---------------------------------------------------------------------------------
Finished Flattening Before IO Insertion
---------------------------------------------------------------------------------
---------------------------------------------------------------------------------
Start Final Netlist Cleanup
---------------------------------------------------------------------------------
---------------------------------------------------------------------------------
Finished Final Netlist Cleanup
---------------------------------------------------------------------------------
---------------------------------------------------------------------------------
Finished IO Insertion : Time (s): cpu = 00:00:17 ; elapsed = 00:00:58 . Memory (MB): peak = 1373.883 ; gain = 269.578
---------------------------------------------------------------------------------
---------------------------------------------------------------------------------
Start Renaming Generated Instances
---------------------------------------------------------------------------------
---------------------------------------------------------------------------------
Finished Renaming Generated Instances : Time (s): cpu = 00:00:17 ; elapsed = 00:00:58 . Memory (MB): peak = 1373.883 ; gain = 269.578
---------------------------------------------------------------------------------
---------------------------------------------------------------------------------
Start Rebuilding User Hierarchy
---------------------------------------------------------------------------------
---------------------------------------------------------------------------------
Finished Rebuilding User Hierarchy : Time (s): cpu = 00:00:17 ; elapsed = 00:00:59 . Memory (MB): peak = 1373.883 ; gain = 269.578
---------------------------------------------------------------------------------
---------------------------------------------------------------------------------
Start Renaming Generated Ports
---------------------------------------------------------------------------------
---------------------------------------------------------------------------------
Finished Renaming Generated Ports : Time (s): cpu = 00:00:17 ; elapsed = 00:00:59 . Memory (MB): peak = 1373.883 ; gain = 269.578
---------------------------------------------------------------------------------
---------------------------------------------------------------------------------
Start Handling Custom Attributes
---------------------------------------------------------------------------------
---------------------------------------------------------------------------------
Finished Handling Custom Attributes : Time (s): cpu = 00:00:17 ; elapsed = 00:00:59 . Memory (MB): peak = 1373.883 ; gain = 269.578
---------------------------------------------------------------------------------
---------------------------------------------------------------------------------
Start Renaming Generated Nets
---------------------------------------------------------------------------------
---------------------------------------------------------------------------------
Finished Renaming Generated Nets : Time (s): cpu = 00:00:17 ; elapsed = 00:00:59 . Memory (MB): peak = 1373.883 ; gain = 269.578
---------------------------------------------------------------------------------
---------------------------------------------------------------------------------
Start Writing Synthesis Report
---------------------------------------------------------------------------------

Report BlackBoxes: 
+-+--------------+----------+
| |BlackBox name |Instances |
+-+--------------+----------+
+-+--------------+----------+

Report Cell Usage: 
+------+---------+------+
|      |Cell     |Count |
+------+---------+------+
|1     |BUFG     |     1|
|2     |CARRY4   |   359|
|3     |LUT1     |    73|
|4     |LUT2     |   581|
|5     |LUT3     |   678|
|6     |LUT4     |   546|
|7     |LUT5     |   452|
|8     |LUT6     |  1088|
|9     |MUXF7    |    15|
|10    |RAM32M   |    16|
|11    |RAM64X1S |    32|
|12    |FDCE     |   539|
|13    |FDPE     |    17|
|14    |FDRE     |    10|
|15    |LD       |    11|
|16    |IBUF     |     8|
|17    |IOBUF    |    16|
|18    |OBUF     |    17|
+------+---------+------+
---------------------------------------------------------------------------------
Finished Writing Synthesis Report : Time (s): cpu = 00:00:17 ; elapsed = 00:00:59 . Memory (MB): peak = 1373.883 ; gain = 269.578
---------------------------------------------------------------------------------
Synthesis finished with 0 errors, 0 critical warnings and 4 warnings.
Synthesis Optimization Runtime : Time (s): cpu = 00:00:15 ; elapsed = 00:00:56 . Memory (MB): peak = 1373.883 ; gain = 191.051
Synthesis Optimization Complete : Time (s): cpu = 00:00:17 ; elapsed = 00:00:59 . Memory (MB): peak = 1373.883 ; gain = 269.578
INFO: [Project 1-571] Translating synthesized netlist
Netlist sorting complete. Time (s): cpu = 00:00:00 ; elapsed = 00:00:00.073 . Memory (MB): peak = 1373.883 ; gain = 0.000
INFO: [Netlist 29-17] Analyzing 449 Unisim elements for replacement
INFO: [Netlist 29-28] Unisim Transformation completed in 0 CPU seconds
INFO: [Project 1-570] Preparing netlist for logic optimization
INFO: [Opt 31-138] Pushed 0 inverter(s) to 0 load pin(s).
Netlist sorting complete. Time (s): cpu = 00:00:00 ; elapsed = 00:00:00.001 . Memory (MB): peak = 1373.883 ; gain = 0.000
INFO: [Project 1-111] Unisim Transformation Summary:
  A total of 75 instances were transformed.
  IOBUF => IOBUF (IBUF, OBUFT): 16 instances
  LD => LDCE: 11 instances
  RAM32M => RAM32M (RAMD32(x6), RAMS32(x2)): 16 instances
  RAM64X1S => RAM64X1S (RAMS64E): 32 instances

INFO: [Common 17-83] Releasing license: Synthesis
110 Infos, 6 Warnings, 0 Critical Warnings and 0 Errors encountered.
synth_design completed successfully
synth_design: Time (s): cpu = 00:00:19 ; elapsed = 00:01:05 . Memory (MB): peak = 1373.883 ; gain = 269.578
INFO: [Common 17-1381] The checkpoint 'D:/FPGA_RISC/20240608_CPU_prj2/20240608_CPU_prj2.runs/synth_1/RV32I_MCU.dcp' has been generated.
INFO: [runtcl-4] Executing : report_utilization -file RV32I_MCU_utilization_synth.rpt -pb RV32I_MCU_utilization_synth.pb
INFO: [Common 17-206] Exiting Vivado at Mon Jun 10 19:06:24 2024...
