#
# A fatal error has been detected by the Java Runtime Environment:
#
#  EXCEPTION_ACCESS_VIOLATION (0xc0000005) at pc=0x00007ffee8e29670, pid=18296, tid=15668
#
# JRE version: OpenJDK Runtime Environment (11.0.2+9) (build 11.0.2+9)
# Java VM: OpenJDK 64-Bit Server VM (11.0.2+9, mixed mode, tiered, compressed oops, g1 gc, windows-amd64)
# Problematic frame:
# C  0x00007ffee8e29670
#
# No core dump will be written. Minidumps are not enabled by default on client versions of Windows
#
# If you would like to submit a bug report, please visit:
#   http://bugreport.java.com/bugreport/crash.jsp
# The crash happened outside the Java Virtual Machine in native code.
# See problematic frame for where to report the bug.
#

---------------  S U M M A R Y ------------

Command Line: -Dsun.java2d.pmoffscreen=false -Dhttps.protocols=TLSv1,TLSv1.1,TLSv1.2 -Dsun.java2d.xrender=false -Dsun.java2d.d3d=false -Dsun.awt.nopixfmt=true -Dsun.java2d.dpiaware=true -Dsun.java2d.uiScale.enabled=false -Xverify:none -Dswing.aatext=true -XX:-UsePerfData -Djdk.map.althashing.threshold=512 -XX:StringTableSize=4072 --add-opens=java.base/java.nio=ALL-UNNAMED --add-opens=java.desktop/sun.swing=ALL-UNNAMED --add-opens=java.desktop/javax.swing=ALL-UNNAMED --add-opens=java.desktop/javax.swing.tree=ALL-UNNAMED --add-opens=java.desktop/javax.swing.plaf.basic=ALL-UNNAMED --add-opens=java.desktop/javax.swing.plaf.synth=ALL-UNNAMED --add-opens=java.desktop/com.sun.awt=ALL-UNNAMED -XX:NewSize=60m -XX:MaxNewSize=60m -Xms128m -Xmx3072m -Xss5m 

Host: 12th Gen Intel(R) Core(TM) i7-1260P, 16 cores, 15G,  Windows 10 , 64 bit Build 22621 (10.0.22621.3527)
Time: Mon Jun 10 09:48:51 2024 대한민국 표준시 elapsed time: 50044 seconds (0d 13h 54m 4s)

---------------  T H R E A D  ---------------

Current thread (0x0000022e0a4f7800):  JavaThread "AWT-EventQueue-0" [_thread_in_native, id=15668, stack(0x000000f1ba600000,0x000000f1bab00000)]

Stack: [0x000000f1ba600000,0x000000f1bab00000],  sp=0x000000f1baaf3628,  free space=5069k
Native frames: (J=compiled Java code, j=interpreted, Vv=VM code, C=native code)
C  0x00007ffee8e29670

Java frames: (J=compiled Java code, j=interpreted, Vv=VM code)
J 25354  ui.views.waveform.waveformi.WVExecutive_getGraphicsDataSize(J)J (0 bytes) @ 0x0000022e2ea03711 [0x0000022e2ea036c0+0x0000000000000051]
J 25353 c1 ui.views.waveform.executive.a.klK()Ljava/io/ByteArrayInputStream; (93 bytes) @ 0x0000022e28f969ac [0x0000022e28f968c0+0x00000000000000ec]
J 25352 c1 ui.views.waveform.b.a.klh()V (144 bytes) @ 0x0000022e28f923b4 [0x0000022e28f92320+0x0000000000000094]
J 25428 c1 ui.views.waveform.w.aH(ZZ)V (48 bytes) @ 0x0000022e28fd2dec [0x0000022e28fd2860+0x000000000000058c]
J 25252 c1 ui.views.waveform.c.b.j(Lui/frmwork/a/l;)V (605 bytes) @ 0x0000022e28f485fc [0x0000022e28f3f860+0x0000000000008d9c]
J 25251 c1 ui.views.waveform.w.handleTclEvent(Lui/frmwork/a/l;)V (17 bytes) @ 0x0000022e28f3e3bc [0x0000022e28f3e2e0+0x00000000000000dc]
J 28242 c1 ui.frmwork.a.o.c(Lui/frmwork/a/l;)V (61 bytes) @ 0x0000022e2808c40c [0x0000022e2808ba60+0x00000000000009ac]
J 28243 c1 ui.frmwork.E.i(JZ)V (471 bytes) @ 0x0000022e287b5684 [0x0000022e287b1540+0x0000000000004144]
J 26715 c2 ui.frmwork.E.fireTclEvent(J)I (113 bytes) @ 0x0000022e2e7d914c [0x0000022e2e7d88e0+0x000000000000086c]
v  ~StubRoutines::call_stub
J 27210  ui.views.waveform.waveformi.WVExecutive_processModelEvent(JJ)V (0 bytes) @ 0x0000022e2e572214 [0x0000022e2e5721c0+0x0000000000000054]
J 27318 c1 ui.views.waveform.c.b.ga(J)V (109 bytes) @ 0x0000022e2695c2ec [0x0000022e2695c220+0x00000000000000cc]
J 25252 c1 ui.views.waveform.c.b.j(Lui/frmwork/a/l;)V (605 bytes) @ 0x0000022e28f4947c [0x0000022e28f3f860+0x0000000000009c1c]
J 25251 c1 ui.views.waveform.w.handleTclEvent(Lui/frmwork/a/l;)V (17 bytes) @ 0x0000022e28f3e3bc [0x0000022e28f3e2e0+0x00000000000000dc]
J 28242 c1 ui.frmwork.a.o.c(Lui/frmwork/a/l;)V (61 bytes) @ 0x0000022e2808c40c [0x0000022e2808ba60+0x00000000000009ac]
J 28243 c1 ui.frmwork.E.i(JZ)V (471 bytes) @ 0x0000022e287b5684 [0x0000022e287b1540+0x0000000000004144]
J 26715 c2 ui.frmwork.E.fireTclEvent(J)I (113 bytes) @ 0x0000022e2e7d914c [0x0000022e2e7d88e0+0x000000000000086c]
v  ~StubRoutines::call_stub
J 27210  ui.views.waveform.waveformi.WVExecutive_processModelEvent(JJ)V (0 bytes) @ 0x0000022e2e572214 [0x0000022e2e5721c0+0x0000000000000054]
J 27318 c1 ui.views.waveform.c.b.ga(J)V (109 bytes) @ 0x0000022e2695c2ec [0x0000022e2695c220+0x00000000000000cc]
j  ui.views.waveform.c.e.actionPerformed(Ljava/awt/event/ActionEvent;)V+8
J 18392 c2 javax.swing.Timer.fireActionPerformed(Ljava/awt/event/ActionEvent;)V java.desktop@11.0.2 (46 bytes) @ 0x0000022e2e230654 [0x0000022e2e230540+0x0000000000000114]
J 18391 c2 javax.swing.Timer$DoPostEvent.run()V java.desktop@11.0.2 (82 bytes) @ 0x0000022e2e22fe58 [0x0000022e2e22fb60+0x00000000000002f8]
J 16247 c2 java.awt.event.InvocationEvent.dispatch()V java.desktop@11.0.2 (69 bytes) @ 0x0000022e2e0f0998 [0x0000022e2e0f0940+0x0000000000000058]
J 15494 c2 java.awt.EventQueue$4.run()Ljava/lang/Object; java.desktop@11.0.2 (5 bytes) @ 0x0000022e2dfd841c [0x0000022e2dfd8360+0x00000000000000bc]
v  ~StubRoutines::call_stub
J 4722  java.security.AccessController.doPrivileged(Ljava/security/PrivilegedAction;Ljava/security/AccessControlContext;)Ljava/lang/Object; java.base@11.0.2 (0 bytes) @ 0x0000022e2d38cc36 [0x0000022e2d38cbc0+0x0000000000000076]
J 15493 c2 java.awt.EventQueue.dispatchEvent(Ljava/awt/AWTEvent;)V java.desktop@11.0.2 (80 bytes) @ 0x0000022e2dfd7964 [0x0000022e2dfd73c0+0x00000000000005a4]
J 25654 c2 java.awt.EventDispatchThread.pumpOneEventForFilters(I)V java.desktop@11.0.2 (113 bytes) @ 0x0000022e2ea6cc84 [0x0000022e2ea6cac0+0x00000000000001c4]
J 21661 c2 java.awt.EventDispatchThread.pumpEventsForFilter(ILjava/awt/Conditional;Ljava/awt/EventFilter;)V java.desktop@11.0.2 (47 bytes) @ 0x0000022e2e52dbf0 [0x0000022e2e52da40+0x00000000000001b0]
j  java.awt.EventDispatchThread.pumpEventsForFilter(Ljava/awt/Conditional;Ljava/awt/EventFilter;)V+4 java.desktop@11.0.2
j  java.awt.WaitDispatchSupport$2.run()V+59 java.desktop@11.0.2
j  java.awt.WaitDispatchSupport$4.run()Ljava/lang/Void;+4 java.desktop@11.0.2
j  java.awt.WaitDispatchSupport$4.run()Ljava/lang/Object;+1 java.desktop@11.0.2
v  ~StubRoutines::call_stub
J 1077  java.security.AccessController.doPrivileged(Ljava/security/PrivilegedAction;)Ljava/lang/Object; java.base@11.0.2 (0 bytes) @ 0x0000022e2d315022 [0x0000022e2d314fc0+0x0000000000000062]
j  java.awt.WaitDispatchSupport.enter()Z+260 java.desktop@11.0.2
j  java.awt.Dialog.show()V+224 java.desktop@11.0.2
J 27365 c1 ui.dlg.c.g.setVisible(Z)V (15 bytes) @ 0x0000022e26b1b564 [0x0000022e26b1b2a0+0x00000000000002c4]
j  ui.dlg.c.bz.bIi()V+64
j  ui.dlg.c.bI.actionPerformed(Ljava/awt/event/ActionEvent;)V+8
j  ui.dlg.c.bz.fud()V+388
j  ui.views.c.t.b.a.run()V+60
j  ui.frmwork.cmd.a.hsT()Z+66
j  ui.frmwork.cmd.d.htb()V+42
j  ui.bm.actionPerformed(Ljava/awt/event/ActionEvent;)V+25
j  javax.swing.AbstractButton.fireActionPerformed(Ljava/awt/event/ActionEvent;)V+83 java.desktop@11.0.2
j  ui.utils.swing.b.E.fireActionPerformed(Ljava/awt/event/ActionEvent;)V+7
j  javax.swing.AbstractButton$Handler.actionPerformed(Ljava/awt/event/ActionEvent;)V+5 java.desktop@11.0.2
j  javax.swing.DefaultButtonModel.fireActionPerformed(Ljava/awt/event/ActionEvent;)V+34 java.desktop@11.0.2
J 26876 c1 javax.swing.DefaultButtonModel.setPressed(Z)V java.desktop@11.0.2 (125 bytes) @ 0x0000022e26423024 [0x0000022e26422080+0x0000000000000fa4]
j  javax.swing.plaf.basic.BasicButtonListener.mouseReleased(Ljava/awt/event/MouseEvent;)V+35 java.desktop@11.0.2
j  com.jidesoft.plaf.basic.BasicJideButtonListener.mouseReleased(Ljava/awt/event/MouseEvent;)V+61
J 23032 c1 java.awt.AWTEventMulticaster.mouseReleased(Ljava/awt/event/MouseEvent;)V java.desktop@11.0.2 (27 bytes) @ 0x0000022e2895532c [0x0000022e28955100+0x000000000000022c]
J 23032 c1 java.awt.AWTEventMulticaster.mouseReleased(Ljava/awt/event/MouseEvent;)V java.desktop@11.0.2 (27 bytes) @ 0x0000022e2895532c [0x0000022e28955100+0x000000000000022c]
J 23032 c1 java.awt.AWTEventMulticaster.mouseReleased(Ljava/awt/event/MouseEvent;)V java.desktop@11.0.2 (27 bytes) @ 0x0000022e2895532c [0x0000022e28955100+0x000000000000022c]
J 26977 c2 javax.swing.JComponent.processMouseEvent(Ljava/awt/event/MouseEvent;)V java.desktop@11.0.2 (27 bytes) @ 0x0000022e2eb46c80 [0x0000022e2eb468a0+0x00000000000003e0]
J 15204 c2 java.awt.Container.processEvent(Ljava/awt/AWTEvent;)V java.desktop@11.0.2 (22 bytes) @ 0x0000022e2df80754 [0x0000022e2df80620+0x0000000000000134]
J 28460 c2 java.awt.Component.dispatchEventImpl(Ljava/awt/AWTEvent;)V java.desktop@11.0.2 (777 bytes) @ 0x0000022e2ee85c7c [0x0000022e2ee85080+0x0000000000000bfc]
J 25767 c2 java.awt.Container.dispatchEventImpl(Ljava/awt/AWTEvent;)V java.desktop@11.0.2 (129 bytes) @ 0x0000022e2d322184 [0x0000022e2d321f80+0x0000000000000204]
J 25503 c2 java.awt.LightweightDispatcher.retargetMouseEvent(Ljava/awt/Component;ILjava/awt/event/MouseEvent;)V java.desktop@11.0.2 (372 bytes) @ 0x0000022e2ea10268 [0x0000022e2ea0fcc0+0x00000000000005a8]
J 24077 c2 java.awt.LightweightDispatcher.processMouseEvent(Ljava/awt/event/MouseEvent;)Z java.desktop@11.0.2 (265 bytes) @ 0x0000022e2dccf95c [0x0000022e2dccf140+0x000000000000081c]
J 25767 c2 java.awt.Container.dispatchEventImpl(Ljava/awt/AWTEvent;)V java.desktop@11.0.2 (129 bytes) @ 0x0000022e2d3223c4 [0x0000022e2d321f80+0x0000000000000444]
J 19790 c2 java.awt.Window.dispatchEventImpl(Ljava/awt/AWTEvent;)V java.desktop@11.0.2 (23 bytes) @ 0x0000022e2e1aca0c [0x0000022e2e1ac9c0+0x000000000000004c]
J 15494 c2 java.awt.EventQueue$4.run()Ljava/lang/Object; java.desktop@11.0.2 (5 bytes) @ 0x0000022e2dfd84ac [0x0000022e2dfd8360+0x000000000000014c]
v  ~StubRoutines::call_stub
J 4722  java.security.AccessController.doPrivileged(Ljava/security/PrivilegedAction;Ljava/security/AccessControlContext;)Ljava/lang/Object; java.base@11.0.2 (0 bytes) @ 0x0000022e2d38cc36 [0x0000022e2d38cbc0+0x0000000000000076]
J 18889 c2 java.awt.EventQueue$5.run()Ljava/lang/Object; java.desktop@11.0.2 (5 bytes) @ 0x0000022e2e320cf4 [0x0000022e2e320a80+0x0000000000000274]
v  ~StubRoutines::call_stub
J 4722  java.security.AccessController.doPrivileged(Ljava/security/PrivilegedAction;Ljava/security/AccessControlContext;)Ljava/lang/Object; java.base@11.0.2 (0 bytes) @ 0x0000022e2d38cc36 [0x0000022e2d38cbc0+0x0000000000000076]
J 15493 c2 java.awt.EventQueue.dispatchEvent(Ljava/awt/AWTEvent;)V java.desktop@11.0.2 (80 bytes) @ 0x0000022e2dfd776c [0x0000022e2dfd73c0+0x00000000000003ac]
J 25654 c2 java.awt.EventDispatchThread.pumpOneEventForFilters(I)V java.desktop@11.0.2 (113 bytes) @ 0x0000022e2ea6cc84 [0x0000022e2ea6cac0+0x00000000000001c4]
J 21560% c2 java.awt.EventDispatchThread.pumpEventsForFilter(ILjava/awt/Conditional;Ljava/awt/EventFilter;)V java.desktop@11.0.2 (47 bytes) @ 0x0000022e2dc073d8 [0x0000022e2dc072c0+0x0000000000000118]
j  java.awt.EventDispatchThread.pumpEventsForHierarchy(ILjava/awt/Conditional;Ljava/awt/Component;)V+11 java.desktop@11.0.2
j  java.awt.EventDispatchThread.pumpEvents(ILjava/awt/Conditional;)V+4 java.desktop@11.0.2
j  java.awt.EventDispatchThread.pumpEvents(Ljava/awt/Conditional;)V+3 java.desktop@11.0.2
j  java.awt.EventDispatchThread.run()V+9 java.desktop@11.0.2
v  ~StubRoutines::call_stub

siginfo: EXCEPTION_ACCESS_VIOLATION (0xc0000005), data execution prevention violation at address 0x00007ffee8e29670


Register to memory mapping:

RIP=0x00007ffee8e29670 points into unknown readable memory: 01 00 00 00 00 00 00 00
RAX=0x00007ffee8dd0720 points into unknown readable memory: 00 88 a3 e8 fe 7f 00 00
RBX=0x0000000000000001 is an unknown value
RCX=0x0000022eac1d9640 points into unknown readable memory: 20 07 dd e8 fe 7f 00 00
RDX=0x0000022ead05eb00 points into unknown readable memory: d8 84 6a 5e ff 7f 00 00
RSP=0x000000f1baaf3628 is pointing into the stack for thread: 0x0000022e0a4f7800
RBP=0x000000f1baaf3820 is pointing into the stack for thread: 0x0000022e0a4f7800
RSI=0x0000022e375daf30 points into unknown readable memory: 30 07 dd e8 fe 7f 00 00
RDI=0x0000022eac1d9640 points into unknown readable memory: 20 07 dd e8 fe 7f 00 00
R8 =0x000000f1baaf3810 is pointing into the stack for thread: 0x0000022e0a4f7800
R9 =0x000000f1baaf3850 is pointing into the stack for thread: 0x0000022e0a4f7800
R10=0x00007fff7c820000 VCRUNTIME140.dll
R11=0xc1d8080a34528041 is an unknown value
R12=0x000000f1baaf3810 is pointing into the stack for thread: 0x0000022e0a4f7800
R13=0x000000f1baaf3850 is pointing into the stack for thread: 0x0000022e0a4f7800
R14=0x000000f1baaf3928 is pointing into the stack for thread: 0x0000022e0a4f7800
R15=0x0000022ead05eb00 points into unknown readable memory: d8 84 6a 5e ff 7f 00 00


Registers:
RAX=0x00007ffee8dd0720, RBX=0x0000000000000001, RCX=0x0000022eac1d9640, RDX=0x0000022ead05eb00
RSP=0x000000f1baaf3628, RBP=0x000000f1baaf3820, RSI=0x0000022e375daf30, RDI=0x0000022eac1d9640
R8 =0x000000f1baaf3810, R9 =0x000000f1baaf3850, R10=0x00007fff7c820000, R11=0xc1d8080a34528041
R12=0x000000f1baaf3810, R13=0x000000f1baaf3850, R14=0x000000f1baaf3928, R15=0x0000022ead05eb00
RIP=0x00007ffee8e29670, EFLAGS=0x0000000000010202

Top of Stack: (sp=0x000000f1baaf3628)
0x000000f1baaf3628:   00007ffee8b00855 0000022e34a15a40
0x000000f1baaf3638:   00000000ffffffb5 0000000000000000
0x000000f1baaf3648:   00007fffb028d1aa fffffffffffffffe
0x000000f1baaf3658:   0000000000000010 0000022eadc3a7a0
0x000000f1baaf3668:   00000000fffffff1 0000000000000000
0x000000f1baaf3678:   000000f100000008 0000000000000000
0x000000f1baaf3688:   0000022e004b1b00 0000000000000000
0x000000f1baaf3698:   00007fff5381d888 0000022e004b02a4
0x000000f1baaf36a8:   0000000000000010 0000022e004b0cc0
0x000000f1baaf36b8:   000000f10000004b 0000b6991d87950b
0x000000f1baaf36c8:   0000000000000008 0000000000000000
0x000000f1baaf36d8:   0000000000000000 000000f1baaf3928
0x000000f1baaf36e8:   0000022eaf8f1b88 0000022eac1d9640
0x000000f1baaf36f8:   0000022ead05eb00 0000022e375daf30
0x000000f1baaf3708:   000000f1baaf3820 0000000000000001
0x000000f1baaf3718:   00007ffee8af83a6 0000000000000008 

Instructions: (pc=0x00007ffee8e29670)
0x00007ffee8e29650:   00 00 00 00 ff ff ff ff 00 00 00 00 40 00 00 00
0x00007ffee8e29660:   20 96 43 00 00 00 00 00 00 00 00 00 00 00 00 00
0x00007ffee8e29670:   01 00 00 00 00 00 00 00 00 00 00 00 a0 19 57 00
0x00007ffee8e29680:   98 96 43 00 70 96 43 00 00 00 00 00 00 00 00 00 


Stack slot to memory mapping:
stack at sp + 0 slots: 0x00007ffee8b00855 points into unknown readable memory: 8b f0 83
stack at sp + 1 slots: 0x0000022e34a15a40 points into unknown readable memory: 94 5e 6d 53 ff 7f 00 00
stack at sp + 2 slots: 0x00000000ffffffb5 is an unknown value
stack at sp + 3 slots: 0x0 is NULL
stack at sp + 4 slots: 0x00007fffb028d1aa ntdll.dll
stack at sp + 5 slots: 0xfffffffffffffffe is an unknown value
stack at sp + 6 slots: 0x0000000000000010 is an unknown value
stack at sp + 7 slots: 0x0000022eadc3a7a0 points into unknown readable memory: 00 1b 4b 00 2e 02 00 00


---------------  P R O C E S S  ---------------

Threads class SMR info:
_java_thread_list=0x0000022eae6683f0, length=34, elements={
0x0000022e4289d800, 0x0000022e41e7a000, 0x0000022e213a1800, 0x0000022e3f745800,
0x0000022e3eccd800, 0x0000022e3ecce000, 0x0000022e42dd6800, 0x0000022e41f21800,
0x0000022e42f19800, 0x0000022e41d6f800, 0x0000022e09f34800, 0x0000022e09f36000,
0x0000022e09f37000, 0x0000022e0a9f8000, 0x0000022e0a4f7800, 0x0000022e1e878800,
0x0000022e1e84d800, 0x0000022e1f38d000, 0x0000022e3f925000, 0x0000022e3f923800,
0x0000022e3f92a000, 0x0000022e3f924000, 0x0000022e35e2a800, 0x0000022e35e25800,
0x0000022e35e2c000, 0x0000022e35e2e000, 0x0000022e35e28000, 0x0000022e35e31000,
0x0000022e35e32000, 0x0000022e35e2d000, 0x0000022e35e27800, 0x0000022e35e2a000,
0x0000022e35e33800, 0x0000022e35e26800
}

Java Threads: ( => current thread )
  0x0000022e4289d800 JavaThread "main" [_thread_blocked, id=1648, stack(0x000000f1b5900000,0x000000f1b5a00000)]
  0x0000022e41e7a000 JavaThread "Reference Handler" daemon [_thread_blocked, id=7112, stack(0x000000f1b6000000,0x000000f1b6500000)]
  0x0000022e213a1800 JavaThread "Finalizer" daemon [_thread_blocked, id=16600, stack(0x000000f1b6500000,0x000000f1b6a00000)]
  0x0000022e3f745800 JavaThread "Signal Dispatcher" daemon [_thread_blocked, id=6892, stack(0x000000f1b6a00000,0x000000f1b6f00000)]
  0x0000022e3eccd800 JavaThread "Attach Listener" daemon [_thread_blocked, id=13108, stack(0x000000f1b6f00000,0x000000f1b7400000)]
  0x0000022e3ecce000 JavaThread "C2 CompilerThread0" daemon [_thread_blocked, id=12980, stack(0x000000f1b7400000,0x000000f1b7500000)]
  0x0000022e42dd6800 JavaThread "C1 CompilerThread0" daemon [_thread_blocked, id=1192, stack(0x000000f1b7500000,0x000000f1b7600000)]
  0x0000022e41f21800 JavaThread "Sweeper thread" daemon [_thread_blocked, id=7720, stack(0x000000f1b7600000,0x000000f1b7b00000)]
  0x0000022e42f19800 JavaThread "Common-Cleaner" daemon [_thread_blocked, id=19172, stack(0x000000f1b7f00000,0x000000f1b8400000)]
  0x0000022e41d6f800 JavaThread "Service Thread" daemon [_thread_blocked, id=3148, stack(0x000000f1b8400000,0x000000f1b8900000)]
  0x0000022e09f34800 JavaThread "Java2D Disposer" daemon [_thread_blocked, id=21420, stack(0x000000f1b8a00000,0x000000f1b8f00000)]
  0x0000022e09f36000 JavaThread "AWT-Shutdown" [_thread_blocked, id=16668, stack(0x000000f1b8f00000,0x000000f1b9400000)]
  0x0000022e09f37000 JavaThread "AWT-Windows" daemon [_thread_in_native, id=9972, stack(0x000000f1b9400000,0x000000f1b9900000)]
  0x0000022e0a9f8000 JavaThread "TimerQueue" daemon [_thread_blocked, id=7216, stack(0x000000f1b9900000,0x000000f1b9e00000)]
=>0x0000022e0a4f7800 JavaThread "AWT-EventQueue-0" [_thread_in_native, id=15668, stack(0x000000f1ba600000,0x000000f1bab00000)]
  0x0000022e1e878800 JavaThread "Thread-1" [_thread_in_native, id=12688, stack(0x000000f1b4200000,0x000000f1b5600000)]
  0x0000022e1e84d800 JavaThread "Process Messages Thread" [_thread_blocked, id=10624, stack(0x000000f1bb000000,0x000000f1bb500000)]
  0x0000022e1f38d000 JavaThread "Batik CleanerThread" daemon [_thread_blocked, id=19292, stack(0x000000f1bab00000,0x000000f1bb000000)]
  0x0000022e3f925000 JavaThread "SyntheticaCleanerThread" daemon [_thread_blocked, id=12220, stack(0x000000f1bca00000,0x000000f1bcf00000)]
  0x0000022e3f923800 JavaThread "Monitor HEventQueue Thread" [_thread_blocked, id=12028, stack(0x000000f1bd500000,0x000000f1bda00000)]
  0x0000022e3f92a000 JavaThread "SyntheticaAnimation 50" daemon [_thread_blocked, id=22156, stack(0x000000f1bda00000,0x000000f1bdf00000)]
  0x0000022e3f924000 JavaThread "SyntheticaAnimation 25" daemon [_thread_blocked, id=9584, stack(0x000000f1be200000,0x000000f1be700000)]
  0x0000022e35e2a800 JavaThread "SyntheticaAnimation 70" daemon [_thread_blocked, id=6648, stack(0x000000f1bcf00000,0x000000f1bd400000)]
  0x0000022e35e25800 JavaThread "Refresh Filesets Swing Worker Thread" [_thread_blocked, id=5264, stack(0x000000f1b9e00000,0x000000f1ba300000)]
  0x0000022e35e2c000 JavaThread "hw_ila_monitor" [_thread_blocked, id=18256, stack(0x000000f1be800000,0x000000f1bed00000)]
  0x0000022e35e2e000 JavaThread "pool-2-thread-1" [_thread_blocked, id=17360, stack(0x000000f1bf700000,0x000000f1bfc00000)]
  0x0000022e35e28000 JavaThread "pool-3-thread-1" [_thread_blocked, id=21664, stack(0x000000f1bfc00000,0x000000f1c0100000)]
  0x0000022e35e31000 JavaThread "pool-4-thread-1" [_thread_blocked, id=12120, stack(0x000000f1c0100000,0x000000f1c0600000)]
  0x0000022e35e32000 JavaThread "Update Runs Swing Worker Thread" [_thread_blocked, id=7204, stack(0x000000f1c0b00000,0x000000f1c1000000)]
  0x0000022e35e2d000 JavaThread "SyntheticaAnimation 50" daemon [_thread_blocked, id=10868, stack(0x000000f1bf200000,0x000000f1bf700000)]
  0x0000022e35e27800 JavaThread "Thread-1828" [_thread_in_native, id=2724, stack(0x000000f1b4100000,0x000000f1b4200000)]
  0x0000022e35e2a000 JavaThread "SyntheticaAnimation 50" daemon [_thread_blocked, id=21992, stack(0x000000f1c0600000,0x000000f1c0b00000)]
  0x0000022e35e33800 JavaThread "Swing-Shell" daemon [_thread_blocked, id=1488, stack(0x000000f1c1500000,0x000000f1c1a00000)]
  0x0000022e35e26800 JavaThread "Relaunch Simulation Thread" [_thread_blocked, id=9908, stack(0x000000f1bed00000,0x000000f1bf200000)]

Other Threads:
  0x0000022e212fb800 VMThread "VM Thread" [stack: 0x000000f1b5f00000,0x000000f1b6000000] [id=7424]
  0x0000022e3f74d800 WatcherThread [stack: 0x000000f1b8900000,0x000000f1b8a00000] [id=19512]
  0x0000022e40c07800 GCTaskThread "GC Thread#0" [stack: 0x000000f1b5a00000,0x000000f1b5b00000] [id=21644]
  0x0000022e1e666000 GCTaskThread "GC Thread#1" [stack: 0x000000f1bb500000,0x000000f1bb600000] [id=12828]
  0x0000022e1ec98800 GCTaskThread "GC Thread#2" [stack: 0x000000f1bb600000,0x000000f1bb700000] [id=22144]
  0x0000022e1f5bf000 GCTaskThread "GC Thread#3" [stack: 0x000000f1bb700000,0x000000f1bb800000] [id=11680]
  0x0000022e1f117000 GCTaskThread "GC Thread#4" [stack: 0x000000f1bb800000,0x000000f1bb900000] [id=2620]
  0x0000022e1eab9000 GCTaskThread "GC Thread#5" [stack: 0x000000f1bb900000,0x000000f1bba00000] [id=10612]
  0x0000022e1eab9800 GCTaskThread "GC Thread#6" [stack: 0x000000f1bba00000,0x000000f1bbb00000] [id=22436]
  0x0000022e09ebd000 GCTaskThread "GC Thread#7" [stack: 0x000000f1bbb00000,0x000000f1bbc00000] [id=6964]
  0x0000022e09ec3000 GCTaskThread "GC Thread#8" [stack: 0x000000f1bbc00000,0x000000f1bbd00000] [id=18588]
  0x0000022e09ec4000 GCTaskThread "GC Thread#9" [stack: 0x000000f1bbd00000,0x000000f1bbe00000] [id=17100]
  0x0000022e09ebd800 GCTaskThread "GC Thread#10" [stack: 0x000000f1bbe00000,0x000000f1bbf00000] [id=12196]
  0x0000022e09ebe800 GCTaskThread "GC Thread#11" [stack: 0x000000f1bbf00000,0x000000f1bc000000] [id=16748]
  0x0000022e09ec0000 GCTaskThread "GC Thread#12" [stack: 0x000000f1be700000,0x000000f1be800000] [id=12680]
  0x0000022e42878800 ConcurrentGCThread "G1 Main Marker" [stack: 0x000000f1b5b00000,0x000000f1b5c00000] [id=19592]
  0x0000022e3f61c800 ConcurrentGCThread "G1 Conc#0" [stack: 0x000000f1b5c00000,0x000000f1b5d00000] [id=12756]
  0x0000022e09ebf000 ConcurrentGCThread "G1 Conc#1" [stack: 0x000000f1bc100000,0x000000f1bc200000] [id=18636]
  0x0000022e09ec0800 ConcurrentGCThread "G1 Conc#2" [stack: 0x000000f1bc200000,0x000000f1bc300000] [id=7468]
  0x0000022e41f3f000 ConcurrentGCThread "G1 Refine#0" [stack: 0x000000f1b5d00000,0x000000f1b5e00000] [id=22028]
  0x0000022e1f060000 ConcurrentGCThread "G1 Refine#1" [stack: 0x000000f1bc000000,0x000000f1bc100000] [id=9328]
  0x0000022e34993000 ConcurrentGCThread "G1 Refine#2" [stack: 0x000000f1bc300000,0x000000f1bc400000] [id=16256]
  0x0000022e1f295000 ConcurrentGCThread "G1 Refine#3" [stack: 0x000000f1bc900000,0x000000f1bca00000] [id=2232]
  0x0000022e37023000 ConcurrentGCThread "G1 Refine#4" [stack: 0x000000f1b7b00000,0x000000f1b7c00000] [id=5296]
  0x0000022e3f609800 ConcurrentGCThread "G1 Young RemSet Sampling" [stack: 0x000000f1b5e00000,0x000000f1b5f00000] [id=7096]

Threads with active compile tasks:

VM state:not at safepoint (normal execution)

VM Mutex/Monitor currently owned by a thread: None

Heap address: 0x0000000740000000, size: 3072 MB, Compressed Oops mode: Zero based, Oop shift amount: 3
Narrow klass base: 0x0000000800000000, Narrow klass shift: 0
Compressed class space size: 1073741824 Address: 0x0000000800000000

Heap:
 garbage-first heap   total 324608K, used 144830K [0x0000000740000000, 0x0000000800000000)
  region size 1024K, 50 young (51200K), 1 survivors (1024K)
 Metaspace       used 101721K, capacity 103142K, committed 105680K, reserved 1140736K
  class space    used 13465K, capacity 14046K, committed 14976K, reserved 1048576K
Heap Regions: E=young(eden), S=young(survivor), O=old, HS=humongous(starts), HC=humongous(continues), CS=collection set, F=free, A=archive, TAMS=top-at-mark-start (previous, next)
|   0|0x0000000740000000, 0x0000000740100000, 0x0000000740100000|100%|HS|  |TAMS 0x0000000740100000, 0x0000000740000000| Complete 
|   1|0x0000000740100000, 0x0000000740200000, 0x0000000740200000|100%|HC|  |TAMS 0x0000000740200000, 0x0000000740100000| Complete 
|   2|0x0000000740200000, 0x0000000740300000, 0x0000000740300000|100%|HS|  |TAMS 0x0000000740300000, 0x0000000740200000| Complete 
|   3|0x0000000740300000, 0x00000007403ffff0, 0x0000000740400000| 99%| O|  |TAMS 0x00000007403ffff0, 0x0000000740300000| Untracked 
|   4|0x0000000740400000, 0x0000000740500000, 0x0000000740500000|100%| O|  |TAMS 0x0000000740500000, 0x0000000740400000| Untracked 
|   5|0x0000000740500000, 0x0000000740600000, 0x0000000740600000|100%| O|  |TAMS 0x0000000740600000, 0x0000000740500000| Untracked 
|   6|0x0000000740600000, 0x0000000740700000, 0x0000000740700000|100%| O|  |TAMS 0x0000000740700000, 0x0000000740600000| Untracked 
|   7|0x0000000740700000, 0x00000007407ffff0, 0x0000000740800000| 99%| O|  |TAMS 0x00000007407ffff0, 0x0000000740700000| Untracked 
|   8|0x0000000740800000, 0x0000000740900000, 0x0000000740900000|100%| O|  |TAMS 0x0000000740900000, 0x0000000740800000| Untracked 
|   9|0x0000000740900000, 0x0000000740a00000, 0x0000000740a00000|100%| O|  |TAMS 0x0000000740a00000, 0x0000000740900000| Untracked 
|  10|0x0000000740a00000, 0x0000000740affff0, 0x0000000740b00000| 99%| O|  |TAMS 0x0000000740affff0, 0x0000000740a00000| Untracked 
|  11|0x0000000740b00000, 0x0000000740bffff0, 0x0000000740c00000| 99%| O|  |TAMS 0x0000000740bffff0, 0x0000000740b00000| Untracked 
|  12|0x0000000740c00000, 0x0000000740cffff0, 0x0000000740d00000| 99%| O|  |TAMS 0x0000000740cffff0, 0x0000000740c00000| Untracked 
|  13|0x0000000740d00000, 0x0000000740e00000, 0x0000000740e00000|100%| O|  |TAMS 0x0000000740e00000, 0x0000000740d00000| Untracked 
|  14|0x0000000740e00000, 0x0000000740f00000, 0x0000000740f00000|100%| O|  |TAMS 0x0000000740f00000, 0x0000000740e00000| Untracked 
|  15|0x0000000740f00000, 0x0000000741000000, 0x0000000741000000|100%| O|  |TAMS 0x0000000741000000, 0x0000000740f00000| Untracked 
|  16|0x0000000741000000, 0x00000007410ffff0, 0x0000000741100000| 99%| O|  |TAMS 0x00000007410ffff0, 0x0000000741000000| Untracked 
|  17|0x0000000741100000, 0x0000000741200000, 0x0000000741200000|100%| O|  |TAMS 0x0000000741200000, 0x0000000741100000| Untracked 
|  18|0x0000000741200000, 0x00000007412ffff8, 0x0000000741300000| 99%| O|  |TAMS 0x00000007412ffff8, 0x0000000741200000| Untracked 
|  19|0x0000000741300000, 0x00000007413ffff0, 0x0000000741400000| 99%| O|  |TAMS 0x00000007413ffff0, 0x0000000741300000| Untracked 
|  20|0x0000000741400000, 0x00000007414ffff0, 0x0000000741500000| 99%| O|  |TAMS 0x00000007414ffff0, 0x0000000741400000| Untracked 
|  21|0x0000000741500000, 0x0000000741600000, 0x0000000741600000|100%| O|  |TAMS 0x0000000741600000, 0x0000000741500000| Untracked 
|  22|0x0000000741600000, 0x00000007416ffff8, 0x0000000741700000| 99%| O|  |TAMS 0x00000007416ffff8, 0x0000000741600000| Untracked 
|  23|0x0000000741700000, 0x0000000741800000, 0x0000000741800000|100%| O|  |TAMS 0x0000000741800000, 0x0000000741700000| Untracked 
|  24|0x0000000741800000, 0x0000000741900000, 0x0000000741900000|100%| O|  |TAMS 0x0000000741900000, 0x0000000741800000| Untracked 
|  25|0x0000000741900000, 0x0000000741a00000, 0x0000000741a00000|100%| O|  |TAMS 0x0000000741a00000, 0x0000000741900000| Untracked 
|  26|0x0000000741a00000, 0x0000000741affff8, 0x0000000741b00000| 99%| O|  |TAMS 0x0000000741affff8, 0x0000000741a00000| Untracked 
|  27|0x0000000741b00000, 0x0000000741bffff0, 0x0000000741c00000| 99%| O|  |TAMS 0x0000000741bffff0, 0x0000000741b00000| Untracked 
|  28|0x0000000741c00000, 0x0000000741d00000, 0x0000000741d00000|100%| O|  |TAMS 0x0000000741d00000, 0x0000000741c00000| Untracked 
|  29|0x0000000741d00000, 0x0000000741dffff8, 0x0000000741e00000| 99%| O|  |TAMS 0x0000000741dffff8, 0x0000000741d00000| Untracked 
|  30|0x0000000741e00000, 0x0000000741f00000, 0x0000000741f00000|100%| O|  |TAMS 0x0000000741f00000, 0x0000000741e00000| Untracked 
|  31|0x0000000741f00000, 0x0000000741ffffe8, 0x0000000742000000| 99%| O|  |TAMS 0x0000000741ffffe8, 0x0000000741f00000| Untracked 
|  32|0x0000000742000000, 0x0000000742100000, 0x0000000742100000|100%| O|  |TAMS 0x0000000742100000, 0x0000000742000000| Untracked 
|  33|0x0000000742100000, 0x0000000742200000, 0x0000000742200000|100%| O|  |TAMS 0x0000000742200000, 0x0000000742100000| Untracked 
|  34|0x0000000742200000, 0x0000000742300000, 0x0000000742300000|100%| O|  |TAMS 0x0000000742300000, 0x0000000742200000| Untracked 
|  35|0x0000000742300000, 0x00000007423ffff0, 0x0000000742400000| 99%| O|  |TAMS 0x00000007423ffff0, 0x0000000742300000| Untracked 
|  36|0x0000000742400000, 0x00000007424ffff0, 0x0000000742500000| 99%| O|  |TAMS 0x00000007424ffff0, 0x0000000742400000| Untracked 
|  37|0x0000000742500000, 0x0000000742600000, 0x0000000742600000|100%| O|  |TAMS 0x0000000742600000, 0x0000000742500000| Untracked 
|  38|0x0000000742600000, 0x00000007426ffff0, 0x0000000742700000| 99%| O|  |TAMS 0x00000007426ffff0, 0x0000000742600000| Untracked 
|  39|0x0000000742700000, 0x0000000742800000, 0x0000000742800000|100%| O|  |TAMS 0x0000000742800000, 0x0000000742700000| Untracked 
|  40|0x0000000742800000, 0x0000000742900000, 0x0000000742900000|100%| O|  |TAMS 0x0000000742900000, 0x0000000742800000| Untracked 
|  41|0x0000000742900000, 0x0000000742a00000, 0x0000000742a00000|100%|HS|  |TAMS 0x0000000742a00000, 0x0000000742900000| Complete 
|  42|0x0000000742a00000, 0x0000000742b00000, 0x0000000742b00000|100%|HC|  |TAMS 0x0000000742b00000, 0x0000000742a00000| Complete 
|  43|0x0000000742b00000, 0x0000000742c00000, 0x0000000742c00000|100%|HC|  |TAMS 0x0000000742c00000, 0x0000000742b00000| Complete 
|  44|0x0000000742c00000, 0x0000000742d00000, 0x0000000742d00000|100%|HC|  |TAMS 0x0000000742d00000, 0x0000000742c00000| Complete 
|  45|0x0000000742d00000, 0x0000000742e00000, 0x0000000742e00000|100%|HC|  |TAMS 0x0000000742e00000, 0x0000000742d00000| Complete 
|  46|0x0000000742e00000, 0x0000000742f00000, 0x0000000742f00000|100%|HC|  |TAMS 0x0000000742f00000, 0x0000000742e00000| Complete 
|  47|0x0000000742f00000, 0x0000000743000000, 0x0000000743000000|100%|HC|  |TAMS 0x0000000743000000, 0x0000000742f00000| Complete 
|  48|0x0000000743000000, 0x0000000743100000, 0x0000000743100000|100%|HC|  |TAMS 0x0000000743100000, 0x0000000743000000| Complete 
|  49|0x0000000743100000, 0x0000000743200000, 0x0000000743200000|100%|HC|  |TAMS 0x0000000743200000, 0x0000000743100000| Complete 
|  50|0x0000000743200000, 0x0000000743300000, 0x0000000743300000|100%|HC|  |TAMS 0x0000000743300000, 0x0000000743200000| Complete 
|  51|0x0000000743300000, 0x0000000743400000, 0x0000000743400000|100%|HC|  |TAMS 0x0000000743400000, 0x0000000743300000| Complete 
|  52|0x0000000743400000, 0x0000000743500000, 0x0000000743500000|100%|HC|  |TAMS 0x0000000743500000, 0x0000000743400000| Complete 
|  53|0x0000000743500000, 0x0000000743600000, 0x0000000743600000|100%|HC|  |TAMS 0x0000000743600000, 0x0000000743500000| Complete 
|  54|0x0000000743600000, 0x0000000743700000, 0x0000000743700000|100%|HC|  |TAMS 0x0000000743700000, 0x0000000743600000| Complete 
|  55|0x0000000743700000, 0x00000007437ffff8, 0x0000000743800000| 99%| O|  |TAMS 0x00000007437ffff8, 0x0000000743700000| Untracked 
|  56|0x0000000743800000, 0x0000000743900000, 0x0000000743900000|100%| O|  |TAMS 0x0000000743900000, 0x0000000743800000| Untracked 
|  57|0x0000000743900000, 0x00000007439ffff8, 0x0000000743a00000| 99%| O|  |TAMS 0x00000007439ffff8, 0x0000000743900000| Untracked 
|  58|0x0000000743a00000, 0x0000000743b00000, 0x0000000743b00000|100%| O|  |TAMS 0x0000000743b00000, 0x0000000743a00000| Untracked 
|  59|0x0000000743b00000, 0x0000000743bfffd8, 0x0000000743c00000| 99%| O|  |TAMS 0x0000000743bfffd8, 0x0000000743b00000| Untracked 
|  60|0x0000000743c00000, 0x0000000743cffff8, 0x0000000743d00000| 99%| O|  |TAMS 0x0000000743cffff8, 0x0000000743c00000| Untracked 
|  61|0x0000000743d00000, 0x0000000743e00000, 0x0000000743e00000|100%| O|  |TAMS 0x0000000743e00000, 0x0000000743d00000| Untracked 
|  62|0x0000000743e00000, 0x0000000743effff8, 0x0000000743f00000| 99%| O|  |TAMS 0x0000000743effff8, 0x0000000743e00000| Untracked 
|  63|0x0000000743f00000, 0x0000000744000000, 0x0000000744000000|100%| O|  |TAMS 0x0000000744000000, 0x0000000743f00000| Untracked 
|  64|0x0000000744000000, 0x00000007440ffff0, 0x0000000744100000| 99%| O|  |TAMS 0x00000007440ffff0, 0x0000000744000000| Untracked 
|  65|0x0000000744100000, 0x0000000744200000, 0x0000000744200000|100%| O|  |TAMS 0x0000000744200000, 0x0000000744100000| Untracked 
|  66|0x0000000744200000, 0x00000007442ffff8, 0x0000000744300000| 99%| O|  |TAMS 0x00000007442ffff8, 0x0000000744200000| Untracked 
|  67|0x0000000744300000, 0x0000000744400000, 0x0000000744400000|100%| O|  |TAMS 0x0000000744400000, 0x0000000744300000| Untracked 
|  68|0x0000000744400000, 0x0000000744500000, 0x0000000744500000|100%| O|  |TAMS 0x0000000744500000, 0x0000000744400000| Untracked 
|  69|0x0000000744500000, 0x00000007445ffff0, 0x0000000744600000| 99%| O|  |TAMS 0x00000007445ffff0, 0x0000000744500000| Untracked 
|  70|0x0000000744600000, 0x00000007446fffc8, 0x0000000744700000| 99%| O|  |TAMS 0x00000007446fffc8, 0x0000000744600000| Untracked 
|  71|0x0000000744700000, 0x00000007447ffff8, 0x0000000744800000| 99%| O|  |TAMS 0x00000007447ffff8, 0x0000000744700000| Untracked 
|  72|0x0000000744800000, 0x00000007448ffff0, 0x0000000744900000| 99%| O|  |TAMS 0x00000007448ffff0, 0x0000000744800000| Untracked 
|  73|0x0000000744900000, 0x00000007449ffff8, 0x0000000744a00000| 99%| O|  |TAMS 0x00000007449ffff8, 0x0000000744900000| Untracked 
|  74|0x0000000744a00000, 0x0000000744afffe0, 0x0000000744b00000| 99%| O|  |TAMS 0x0000000744afffe0, 0x0000000744a00000| Untracked 
|  75|0x0000000744b00000, 0x0000000744c00000, 0x0000000744c00000|100%| O|  |TAMS 0x0000000744c00000, 0x0000000744b00000| Untracked 
|  76|0x0000000744c00000, 0x0000000744d00000, 0x0000000744d00000|100%| O|  |TAMS 0x0000000744d00000, 0x0000000744c00000| Untracked 
|  77|0x0000000744d00000, 0x0000000744dffff8, 0x0000000744e00000| 99%| O|  |TAMS 0x0000000744dffff8, 0x0000000744d00000| Untracked 
|  78|0x0000000744e00000, 0x0000000744f00000, 0x0000000744f00000|100%| O|  |TAMS 0x0000000744f00000, 0x0000000744e00000| Untracked 
|  79|0x0000000744f00000, 0x0000000744fffff0, 0x0000000745000000| 99%| O|  |TAMS 0x0000000744fffff0, 0x0000000744f00000| Untracked 
|  80|0x0000000745000000, 0x00000007450ffff0, 0x0000000745100000| 99%| O|  |TAMS 0x00000007450ffff0, 0x0000000745000000| Untracked 
|  81|0x0000000745100000, 0x0000000745200000, 0x0000000745200000|100%| O|  |TAMS 0x0000000745200000, 0x0000000745100000| Untracked 
|  82|0x0000000745200000, 0x00000007452ffff8, 0x0000000745300000| 99%| O|  |TAMS 0x00000007452ffff8, 0x0000000745200000| Untracked 
|  83|0x0000000745300000, 0x00000007453fffe8, 0x0000000745400000| 99%| O|  |TAMS 0x00000007453fffe8, 0x0000000745300000| Untracked 
|  84|0x0000000745400000, 0x00000007454a3520, 0x0000000745500000| 63%| O|  |TAMS 0x00000007454a3520, 0x0000000745400000| Untracked 
|  85|0x0000000745500000, 0x00000007455db540, 0x0000000745600000| 85%| O|  |TAMS 0x00000007455db540, 0x0000000745500000| Untracked 
|  86|0x0000000745600000, 0x0000000745697260, 0x0000000745700000| 59%| O|  |TAMS 0x0000000745697260, 0x0000000745600000| Untracked 
|  87|0x0000000745700000, 0x00000007457977d8, 0x0000000745800000| 59%| O|  |TAMS 0x00000007457977d8, 0x0000000745700000| Untracked 
|  88|0x0000000745800000, 0x00000007458931a8, 0x0000000745900000| 57%| O|  |TAMS 0x00000007458931a8, 0x0000000745800000| Untracked 
|  89|0x0000000745900000, 0x00000007459516d8, 0x0000000745a00000| 31%| O|  |TAMS 0x00000007459516d8, 0x0000000745900000| Untracked 
|  90|0x0000000745a00000, 0x0000000745a00000, 0x0000000745b00000|  0%| F|  |TAMS 0x0000000745a00000, 0x0000000745a00000| Untracked 
|  91|0x0000000745b00000, 0x0000000745b00000, 0x0000000745c00000|  0%| F|  |TAMS 0x0000000745b00000, 0x0000000745b00000| Untracked 
|  92|0x0000000745c00000, 0x0000000745c00000, 0x0000000745d00000|  0%| F|  |TAMS 0x0000000745c00000, 0x0000000745c00000| Untracked 
|  93|0x0000000745d00000, 0x0000000745d00000, 0x0000000745e00000|  0%| F|  |TAMS 0x0000000745d00000, 0x0000000745d00000| Untracked 
|  94|0x0000000745e00000, 0x0000000745e00000, 0x0000000745f00000|  0%| F|  |TAMS 0x0000000745e00000, 0x0000000745e00000| Untracked 
|  95|0x0000000745f00000, 0x0000000745f00000, 0x0000000746000000|  0%| F|  |TAMS 0x0000000745f00000, 0x0000000745f00000| Untracked 
|  96|0x0000000746000000, 0x0000000746000000, 0x0000000746100000|  0%| F|  |TAMS 0x0000000746000000, 0x0000000746000000| Untracked 
|  97|0x0000000746100000, 0x0000000746100000, 0x0000000746200000|  0%| F|  |TAMS 0x0000000746100000, 0x0000000746100000| Untracked 
|  98|0x0000000746200000, 0x0000000746200000, 0x0000000746300000|  0%| F|  |TAMS 0x0000000746200000, 0x0000000746200000| Untracked 
|  99|0x0000000746300000, 0x0000000746300000, 0x0000000746400000|  0%| F|  |TAMS 0x0000000746300000, 0x0000000746300000| Untracked 
| 100|0x0000000746400000, 0x0000000746400000, 0x0000000746500000|  0%| F|  |TAMS 0x0000000746400000, 0x0000000746400000| Untracked 
| 101|0x0000000746500000, 0x0000000746500000, 0x0000000746600000|  0%| F|  |TAMS 0x0000000746500000, 0x0000000746500000| Untracked 
| 102|0x0000000746600000, 0x0000000746600000, 0x0000000746700000|  0%| F|  |TAMS 0x0000000746600000, 0x0000000746600000| Untracked 
| 103|0x0000000746700000, 0x0000000746700000, 0x0000000746800000|  0%| F|  |TAMS 0x0000000746700000, 0x0000000746700000| Untracked 
| 104|0x0000000746800000, 0x0000000746800000, 0x0000000746900000|  0%| F|  |TAMS 0x0000000746800000, 0x0000000746800000| Untracked 
| 105|0x0000000746900000, 0x0000000746900000, 0x0000000746a00000|  0%| F|  |TAMS 0x0000000746900000, 0x0000000746900000| Untracked 
| 106|0x0000000746a00000, 0x0000000746a00000, 0x0000000746b00000|  0%| F|  |TAMS 0x0000000746a00000, 0x0000000746a00000| Untracked 
| 107|0x0000000746b00000, 0x0000000746b00000, 0x0000000746c00000|  0%| F|  |TAMS 0x0000000746b00000, 0x0000000746b00000| Untracked 
| 108|0x0000000746c00000, 0x0000000746c00000, 0x0000000746d00000|  0%| F|  |TAMS 0x0000000746c00000, 0x0000000746c00000| Untracked 
| 109|0x0000000746d00000, 0x0000000746d00000, 0x0000000746e00000|  0%| F|  |TAMS 0x0000000746d00000, 0x0000000746d00000| Untracked 
| 110|0x0000000746e00000, 0x0000000746e00000, 0x0000000746f00000|  0%| F|  |TAMS 0x0000000746e00000, 0x0000000746e00000| Untracked 
| 111|0x0000000746f00000, 0x0000000746f00000, 0x0000000747000000|  0%| F|  |TAMS 0x0000000746f00000, 0x0000000746f00000| Untracked 
| 112|0x0000000747000000, 0x0000000747000000, 0x0000000747100000|  0%| F|  |TAMS 0x0000000747000000, 0x0000000747000000| Untracked 
| 113|0x0000000747100000, 0x0000000747100000, 0x0000000747200000|  0%| F|  |TAMS 0x0000000747100000, 0x0000000747100000| Untracked 
| 114|0x0000000747200000, 0x0000000747200000, 0x0000000747300000|  0%| F|  |TAMS 0x0000000747200000, 0x0000000747200000| Untracked 
| 115|0x0000000747300000, 0x0000000747300000, 0x0000000747400000|  0%| F|  |TAMS 0x0000000747300000, 0x0000000747300000| Untracked 
| 116|0x0000000747400000, 0x0000000747400000, 0x0000000747500000|  0%| F|  |TAMS 0x0000000747400000, 0x0000000747400000| Untracked 
| 117|0x0000000747500000, 0x0000000747500000, 0x0000000747600000|  0%| F|  |TAMS 0x0000000747500000, 0x0000000747500000| Untracked 
| 118|0x0000000747600000, 0x0000000747600000, 0x0000000747700000|  0%| F|  |TAMS 0x0000000747600000, 0x0000000747600000| Untracked 
| 119|0x0000000747700000, 0x0000000747800000, 0x0000000747800000|100%|HS|  |TAMS 0x0000000747800000, 0x0000000747700000| Complete 
| 120|0x0000000747800000, 0x0000000747900000, 0x0000000747900000|100%|HC|  |TAMS 0x0000000747900000, 0x0000000747800000| Complete 
| 121|0x0000000747900000, 0x0000000747a00000, 0x0000000747a00000|100%|HC|  |TAMS 0x0000000747a00000, 0x0000000747900000| Complete 
| 122|0x0000000747a00000, 0x0000000747b00000, 0x0000000747b00000|100%|HC|  |TAMS 0x0000000747b00000, 0x0000000747a00000| Complete 
| 123|0x0000000747b00000, 0x0000000747c00000, 0x0000000747c00000|100%|HC|  |TAMS 0x0000000747c00000, 0x0000000747b00000| Complete 
| 124|0x0000000747c00000, 0x0000000747c00000, 0x0000000747d00000|  0%| F|  |TAMS 0x0000000747c00000, 0x0000000747c00000| Untracked 
| 125|0x0000000747d00000, 0x0000000747d00000, 0x0000000747e00000|  0%| F|  |TAMS 0x0000000747d00000, 0x0000000747d00000| Untracked 
| 126|0x0000000747e00000, 0x0000000747e00000, 0x0000000747f00000|  0%| F|  |TAMS 0x0000000747e00000, 0x0000000747e00000| Untracked 
| 127|0x0000000747f00000, 0x0000000747f00000, 0x0000000748000000|  0%| F|  |TAMS 0x0000000747f00000, 0x0000000747f00000| Untracked 
| 128|0x0000000748000000, 0x0000000748000000, 0x0000000748100000|  0%| F|  |TAMS 0x0000000748000000, 0x0000000748000000| Untracked 
| 129|0x0000000748100000, 0x0000000748100000, 0x0000000748200000|  0%| F|  |TAMS 0x0000000748100000, 0x0000000748100000| Untracked 
| 130|0x0000000748200000, 0x0000000748200000, 0x0000000748300000|  0%| F|  |TAMS 0x0000000748200000, 0x0000000748200000| Untracked 
| 131|0x0000000748300000, 0x0000000748300000, 0x0000000748400000|  0%| F|  |TAMS 0x0000000748300000, 0x0000000748300000| Untracked 
| 132|0x0000000748400000, 0x0000000748400000, 0x0000000748500000|  0%| F|  |TAMS 0x0000000748400000, 0x0000000748400000| Untracked 
| 133|0x0000000748500000, 0x0000000748500000, 0x0000000748600000|  0%| F|  |TAMS 0x0000000748500000, 0x0000000748500000| Untracked 
| 134|0x0000000748600000, 0x0000000748600000, 0x0000000748700000|  0%| F|  |TAMS 0x0000000748600000, 0x0000000748600000| Untracked 
| 135|0x0000000748700000, 0x0000000748700000, 0x0000000748800000|  0%| F|  |TAMS 0x0000000748700000, 0x0000000748700000| Untracked 
| 136|0x0000000748800000, 0x0000000748800000, 0x0000000748900000|  0%| F|  |TAMS 0x0000000748800000, 0x0000000748800000| Untracked 
| 137|0x0000000748900000, 0x0000000748900000, 0x0000000748a00000|  0%| F|  |TAMS 0x0000000748900000, 0x0000000748900000| Untracked 
| 138|0x0000000748a00000, 0x0000000748a00000, 0x0000000748b00000|  0%| F|  |TAMS 0x0000000748a00000, 0x0000000748a00000| Untracked 
| 139|0x0000000748b00000, 0x0000000748b00000, 0x0000000748c00000|  0%| F|  |TAMS 0x0000000748b00000, 0x0000000748b00000| Untracked 
| 140|0x0000000748c00000, 0x0000000748c00000, 0x0000000748d00000|  0%| F|  |TAMS 0x0000000748c00000, 0x0000000748c00000| Untracked 
| 141|0x0000000748d00000, 0x0000000748d00000, 0x0000000748e00000|  0%| F|  |TAMS 0x0000000748d00000, 0x0000000748d00000| Untracked 
| 142|0x0000000748e00000, 0x0000000748e00000, 0x0000000748f00000|  0%| F|  |TAMS 0x0000000748e00000, 0x0000000748e00000| Untracked 
| 143|0x0000000748f00000, 0x0000000748f00000, 0x0000000749000000|  0%| F|  |TAMS 0x0000000748f00000, 0x0000000748f00000| Untracked 
| 144|0x0000000749000000, 0x0000000749000000, 0x0000000749100000|  0%| F|  |TAMS 0x0000000749000000, 0x0000000749000000| Untracked 
| 145|0x0000000749100000, 0x0000000749100000, 0x0000000749200000|  0%| F|  |TAMS 0x0000000749100000, 0x0000000749100000| Untracked 
| 146|0x0000000749200000, 0x0000000749200000, 0x0000000749300000|  0%| F|  |TAMS 0x0000000749200000, 0x0000000749200000| Untracked 
| 147|0x0000000749300000, 0x0000000749300000, 0x0000000749400000|  0%| F|  |TAMS 0x0000000749300000, 0x0000000749300000| Untracked 
| 148|0x0000000749400000, 0x0000000749400000, 0x0000000749500000|  0%| F|  |TAMS 0x0000000749400000, 0x0000000749400000| Untracked 
| 149|0x0000000749500000, 0x0000000749500000, 0x0000000749600000|  0%| F|  |TAMS 0x0000000749500000, 0x0000000749500000| Untracked 
| 150|0x0000000749600000, 0x0000000749600000, 0x0000000749700000|  0%| F|  |TAMS 0x0000000749600000, 0x0000000749600000| Untracked 
| 151|0x0000000749700000, 0x0000000749700000, 0x0000000749800000|  0%| F|  |TAMS 0x0000000749700000, 0x0000000749700000| Untracked 
| 152|0x0000000749800000, 0x0000000749800000, 0x0000000749900000|  0%| F|  |TAMS 0x0000000749800000, 0x0000000749800000| Untracked 
| 153|0x0000000749900000, 0x0000000749900000, 0x0000000749a00000|  0%| F|  |TAMS 0x0000000749900000, 0x0000000749900000| Untracked 
| 154|0x0000000749a00000, 0x0000000749a00000, 0x0000000749b00000|  0%| F|  |TAMS 0x0000000749a00000, 0x0000000749a00000| Untracked 
| 155|0x0000000749b00000, 0x0000000749b00000, 0x0000000749c00000|  0%| F|  |TAMS 0x0000000749b00000, 0x0000000749b00000| Untracked 
| 156|0x0000000749c00000, 0x0000000749c00000, 0x0000000749d00000|  0%| F|  |TAMS 0x0000000749c00000, 0x0000000749c00000| Untracked 
| 157|0x0000000749d00000, 0x0000000749d00000, 0x0000000749e00000|  0%| F|  |TAMS 0x0000000749d00000, 0x0000000749d00000| Untracked 
| 158|0x0000000749e00000, 0x0000000749e00000, 0x0000000749f00000|  0%| F|  |TAMS 0x0000000749e00000, 0x0000000749e00000| Untracked 
| 159|0x0000000749f00000, 0x0000000749f00000, 0x000000074a000000|  0%| F|  |TAMS 0x0000000749f00000, 0x0000000749f00000| Untracked 
| 160|0x000000074a000000, 0x000000074a000000, 0x000000074a100000|  0%| F|  |TAMS 0x000000074a000000, 0x000000074a000000| Untracked 
| 161|0x000000074a100000, 0x000000074a100000, 0x000000074a200000|  0%| F|  |TAMS 0x000000074a100000, 0x000000074a100000| Untracked 
| 162|0x000000074a200000, 0x000000074a200000, 0x000000074a300000|  0%| F|  |TAMS 0x000000074a200000, 0x000000074a200000| Untracked 
| 163|0x000000074a300000, 0x000000074a300000, 0x000000074a400000|  0%| F|  |TAMS 0x000000074a300000, 0x000000074a300000| Untracked 
| 164|0x000000074a400000, 0x000000074a400000, 0x000000074a500000|  0%| F|  |TAMS 0x000000074a400000, 0x000000074a400000| Untracked 
| 165|0x000000074a500000, 0x000000074a500000, 0x000000074a600000|  0%| F|  |TAMS 0x000000074a500000, 0x000000074a500000| Untracked 
| 166|0x000000074a600000, 0x000000074a600000, 0x000000074a700000|  0%| F|  |TAMS 0x000000074a600000, 0x000000074a600000| Untracked 
| 167|0x000000074a700000, 0x000000074a700000, 0x000000074a800000|  0%| F|  |TAMS 0x000000074a700000, 0x000000074a700000| Untracked 
| 168|0x000000074a800000, 0x000000074a800000, 0x000000074a900000|  0%| F|  |TAMS 0x000000074a800000, 0x000000074a800000| Untracked 
| 169|0x000000074a900000, 0x000000074a900000, 0x000000074aa00000|  0%| F|  |TAMS 0x000000074a900000, 0x000000074a900000| Untracked 
| 170|0x000000074aa00000, 0x000000074aa00000, 0x000000074ab00000|  0%| F|  |TAMS 0x000000074aa00000, 0x000000074aa00000| Untracked 
| 171|0x000000074ab00000, 0x000000074ab00000, 0x000000074ac00000|  0%| F|  |TAMS 0x000000074ab00000, 0x000000074ab00000| Untracked 
| 172|0x000000074ac00000, 0x000000074ac00000, 0x000000074ad00000|  0%| F|  |TAMS 0x000000074ac00000, 0x000000074ac00000| Untracked 
| 173|0x000000074ad00000, 0x000000074ad00000, 0x000000074ae00000|  0%| F|  |TAMS 0x000000074ad00000, 0x000000074ad00000| Untracked 
| 174|0x000000074ae00000, 0x000000074ae00000, 0x000000074af00000|  0%| F|  |TAMS 0x000000074ae00000, 0x000000074ae00000| Untracked 
| 175|0x000000074af00000, 0x000000074af00000, 0x000000074b000000|  0%| F|  |TAMS 0x000000074af00000, 0x000000074af00000| Untracked 
| 176|0x000000074b000000, 0x000000074b000000, 0x000000074b100000|  0%| F|  |TAMS 0x000000074b000000, 0x000000074b000000| Untracked 
| 177|0x000000074b100000, 0x000000074b100000, 0x000000074b200000|  0%| F|  |TAMS 0x000000074b100000, 0x000000074b100000| Untracked 
| 178|0x000000074b200000, 0x000000074b200000, 0x000000074b300000|  0%| F|  |TAMS 0x000000074b200000, 0x000000074b200000| Untracked 
| 179|0x000000074b300000, 0x000000074b300000, 0x000000074b400000|  0%| F|  |TAMS 0x000000074b300000, 0x000000074b300000| Untracked 
| 180|0x000000074b400000, 0x000000074b400000, 0x000000074b500000|  0%| F|  |TAMS 0x000000074b400000, 0x000000074b400000| Untracked 
| 181|0x000000074b500000, 0x000000074b500000, 0x000000074b600000|  0%| F|  |TAMS 0x000000074b500000, 0x000000074b500000| Untracked 
| 182|0x000000074b600000, 0x000000074b600000, 0x000000074b700000|  0%| F|  |TAMS 0x000000074b600000, 0x000000074b600000| Untracked 
| 183|0x000000074b700000, 0x000000074b700000, 0x000000074b800000|  0%| F|  |TAMS 0x000000074b700000, 0x000000074b700000| Untracked 
| 184|0x000000074b800000, 0x000000074b800000, 0x000000074b900000|  0%| F|  |TAMS 0x000000074b800000, 0x000000074b800000| Untracked 
| 185|0x000000074b900000, 0x000000074b900000, 0x000000074ba00000|  0%| F|  |TAMS 0x000000074b900000, 0x000000074b900000| Untracked 
| 186|0x000000074ba00000, 0x000000074ba00000, 0x000000074bb00000|  0%| F|  |TAMS 0x000000074ba00000, 0x000000074ba00000| Untracked 
| 187|0x000000074bb00000, 0x000000074bb00000, 0x000000074bc00000|  0%| F|  |TAMS 0x000000074bb00000, 0x000000074bb00000| Untracked 
| 188|0x000000074bc00000, 0x000000074bc00000, 0x000000074bd00000|  0%| F|  |TAMS 0x000000074bc00000, 0x000000074bc00000| Untracked 
| 189|0x000000074bd00000, 0x000000074bd00000, 0x000000074be00000|  0%| F|  |TAMS 0x000000074bd00000, 0x000000074bd00000| Untracked 
| 190|0x000000074be00000, 0x000000074be00000, 0x000000074bf00000|  0%| F|  |TAMS 0x000000074be00000, 0x000000074be00000| Untracked 
| 191|0x000000074bf00000, 0x000000074bf00000, 0x000000074c000000|  0%| F|  |TAMS 0x000000074bf00000, 0x000000074bf00000| Untracked 
| 192|0x000000074c000000, 0x000000074c000000, 0x000000074c100000|  0%| F|  |TAMS 0x000000074c000000, 0x000000074c000000| Untracked 
| 193|0x000000074c100000, 0x000000074c100000, 0x000000074c200000|  0%| F|  |TAMS 0x000000074c100000, 0x000000074c100000| Untracked 
| 194|0x000000074c200000, 0x000000074c200000, 0x000000074c300000|  0%| F|  |TAMS 0x000000074c200000, 0x000000074c200000| Untracked 
| 195|0x000000074c300000, 0x000000074c300000, 0x000000074c400000|  0%| F|  |TAMS 0x000000074c300000, 0x000000074c300000| Untracked 
| 196|0x000000074c400000, 0x000000074c400000, 0x000000074c500000|  0%| F|  |TAMS 0x000000074c400000, 0x000000074c400000| Untracked 
| 197|0x000000074c500000, 0x000000074c500000, 0x000000074c600000|  0%| F|  |TAMS 0x000000074c500000, 0x000000074c500000| Untracked 
| 198|0x000000074c600000, 0x000000074c600000, 0x000000074c700000|  0%| F|  |TAMS 0x000000074c600000, 0x000000074c600000| Untracked 
| 199|0x000000074c700000, 0x000000074c700000, 0x000000074c800000|  0%| F|  |TAMS 0x000000074c700000, 0x000000074c700000| Untracked 
| 200|0x000000074c800000, 0x000000074c800000, 0x000000074c900000|  0%| F|  |TAMS 0x000000074c800000, 0x000000074c800000| Untracked 
| 201|0x000000074c900000, 0x000000074c900000, 0x000000074ca00000|  0%| F|  |TAMS 0x000000074c900000, 0x000000074c900000| Untracked 
| 202|0x000000074ca00000, 0x000000074ca00000, 0x000000074cb00000|  0%| F|  |TAMS 0x000000074ca00000, 0x000000074ca00000| Untracked 
| 203|0x000000074cb00000, 0x000000074cb00000, 0x000000074cc00000|  0%| F|  |TAMS 0x000000074cb00000, 0x000000074cb00000| Untracked 
| 204|0x000000074cc00000, 0x000000074cc00000, 0x000000074cd00000|  0%| F|  |TAMS 0x000000074cc00000, 0x000000074cc00000| Untracked 
| 205|0x000000074cd00000, 0x000000074cd00000, 0x000000074ce00000|  0%| F|  |TAMS 0x000000074cd00000, 0x000000074cd00000| Untracked 
| 206|0x000000074ce00000, 0x000000074ce00000, 0x000000074cf00000|  0%| F|  |TAMS 0x000000074ce00000, 0x000000074ce00000| Untracked 
| 207|0x000000074cf00000, 0x000000074cf00000, 0x000000074d000000|  0%| F|  |TAMS 0x000000074cf00000, 0x000000074cf00000| Untracked 
| 208|0x000000074d000000, 0x000000074d000000, 0x000000074d100000|  0%| F|  |TAMS 0x000000074d000000, 0x000000074d000000| Untracked 
| 209|0x000000074d100000, 0x000000074d100000, 0x000000074d200000|  0%| F|  |TAMS 0x000000074d100000, 0x000000074d100000| Untracked 
| 210|0x000000074d200000, 0x000000074d200000, 0x000000074d300000|  0%| F|  |TAMS 0x000000074d200000, 0x000000074d200000| Untracked 
| 211|0x000000074d300000, 0x000000074d300000, 0x000000074d400000|  0%| F|  |TAMS 0x000000074d300000, 0x000000074d300000| Untracked 
| 212|0x000000074d400000, 0x000000074d400000, 0x000000074d500000|  0%| F|  |TAMS 0x000000074d400000, 0x000000074d400000| Untracked 
| 213|0x000000074d500000, 0x000000074d500000, 0x000000074d600000|  0%| F|  |TAMS 0x000000074d500000, 0x000000074d500000| Untracked 
| 214|0x000000074d600000, 0x000000074d600000, 0x000000074d700000|  0%| F|  |TAMS 0x000000074d600000, 0x000000074d600000| Untracked 
| 215|0x000000074d700000, 0x000000074d700000, 0x000000074d800000|  0%| F|  |TAMS 0x000000074d700000, 0x000000074d700000| Untracked 
| 216|0x000000074d800000, 0x000000074d800000, 0x000000074d900000|  0%| F|  |TAMS 0x000000074d800000, 0x000000074d800000| Untracked 
| 217|0x000000074d900000, 0x000000074d900000, 0x000000074da00000|  0%| F|  |TAMS 0x000000074d900000, 0x000000074d900000| Untracked 
| 218|0x000000074da00000, 0x000000074da00000, 0x000000074db00000|  0%| F|  |TAMS 0x000000074da00000, 0x000000074da00000| Untracked 
| 219|0x000000074db00000, 0x000000074db00000, 0x000000074dc00000|  0%| F|  |TAMS 0x000000074db00000, 0x000000074db00000| Untracked 
| 220|0x000000074dc00000, 0x000000074dc00000, 0x000000074dd00000|  0%| F|  |TAMS 0x000000074dc00000, 0x000000074dc00000| Untracked 
| 221|0x000000074dd00000, 0x000000074dd00000, 0x000000074de00000|  0%| F|  |TAMS 0x000000074dd00000, 0x000000074dd00000| Untracked 
| 222|0x000000074de00000, 0x000000074de00000, 0x000000074df00000|  0%| F|  |TAMS 0x000000074de00000, 0x000000074de00000| Untracked 
| 223|0x000000074df00000, 0x000000074df00000, 0x000000074e000000|  0%| F|  |TAMS 0x000000074df00000, 0x000000074df00000| Untracked 
| 224|0x000000074e000000, 0x000000074e000000, 0x000000074e100000|  0%| F|  |TAMS 0x000000074e000000, 0x000000074e000000| Untracked 
| 225|0x000000074e100000, 0x000000074e100000, 0x000000074e200000|  0%| F|  |TAMS 0x000000074e100000, 0x000000074e100000| Untracked 
| 226|0x000000074e200000, 0x000000074e200000, 0x000000074e300000|  0%| F|  |TAMS 0x000000074e200000, 0x000000074e200000| Untracked 
| 227|0x000000074e300000, 0x000000074e300000, 0x000000074e400000|  0%| F|  |TAMS 0x000000074e300000, 0x000000074e300000| Untracked 
| 228|0x000000074e400000, 0x000000074e400000, 0x000000074e500000|  0%| F|  |TAMS 0x000000074e400000, 0x000000074e400000| Untracked 
| 229|0x000000074e500000, 0x000000074e500000, 0x000000074e600000|  0%| F|  |TAMS 0x000000074e500000, 0x000000074e500000| Untracked 
| 230|0x000000074e600000, 0x000000074e600000, 0x000000074e700000|  0%| F|  |TAMS 0x000000074e600000, 0x000000074e600000| Untracked 
| 231|0x000000074e700000, 0x000000074e700000, 0x000000074e800000|  0%| F|  |TAMS 0x000000074e700000, 0x000000074e700000| Untracked 
| 232|0x000000074e800000, 0x000000074e800000, 0x000000074e900000|  0%| F|  |TAMS 0x000000074e800000, 0x000000074e800000| Untracked 
| 233|0x000000074e900000, 0x000000074e900000, 0x000000074ea00000|  0%| F|  |TAMS 0x000000074e900000, 0x000000074e900000| Untracked 
| 234|0x000000074ea00000, 0x000000074ea00000, 0x000000074eb00000|  0%| F|  |TAMS 0x000000074ea00000, 0x000000074ea00000| Untracked 
| 235|0x000000074eb00000, 0x000000074eb00000, 0x000000074ec00000|  0%| F|  |TAMS 0x000000074eb00000, 0x000000074eb00000| Untracked 
| 236|0x000000074ec00000, 0x000000074ec00000, 0x000000074ed00000|  0%| F|  |TAMS 0x000000074ec00000, 0x000000074ec00000| Untracked 
| 237|0x000000074ed00000, 0x000000074ed00000, 0x000000074ee00000|  0%| F|  |TAMS 0x000000074ed00000, 0x000000074ed00000| Untracked 
| 238|0x000000074ee00000, 0x000000074ee00000, 0x000000074ef00000|  0%| F|  |TAMS 0x000000074ee00000, 0x000000074ee00000| Untracked 
| 239|0x000000074ef00000, 0x000000074ef00000, 0x000000074f000000|  0%| F|  |TAMS 0x000000074ef00000, 0x000000074ef00000| Untracked 
| 240|0x000000074f000000, 0x000000074f000000, 0x000000074f100000|  0%| F|  |TAMS 0x000000074f000000, 0x000000074f000000| Untracked 
| 241|0x000000074f100000, 0x000000074f100000, 0x000000074f200000|  0%| F|  |TAMS 0x000000074f100000, 0x000000074f100000| Untracked 
| 242|0x000000074f200000, 0x000000074f200000, 0x000000074f300000|  0%| F|  |TAMS 0x000000074f200000, 0x000000074f200000| Untracked 
| 243|0x000000074f300000, 0x000000074f300000, 0x000000074f400000|  0%| F|  |TAMS 0x000000074f300000, 0x000000074f300000| Untracked 
| 244|0x000000074f400000, 0x000000074f400000, 0x000000074f500000|  0%| F|  |TAMS 0x000000074f400000, 0x000000074f400000| Untracked 
| 245|0x000000074f500000, 0x000000074f500000, 0x000000074f600000|  0%| F|  |TAMS 0x000000074f500000, 0x000000074f500000| Untracked 
| 246|0x000000074f600000, 0x000000074f600000, 0x000000074f700000|  0%| F|  |TAMS 0x000000074f600000, 0x000000074f600000| Untracked 
| 247|0x000000074f700000, 0x000000074f700000, 0x000000074f800000|  0%| F|  |TAMS 0x000000074f700000, 0x000000074f700000| Untracked 
| 248|0x000000074f800000, 0x000000074f800000, 0x000000074f900000|  0%| F|  |TAMS 0x000000074f800000, 0x000000074f800000| Untracked 
| 249|0x000000074f900000, 0x000000074f900000, 0x000000074fa00000|  0%| F|  |TAMS 0x000000074f900000, 0x000000074f900000| Untracked 
| 250|0x000000074fa00000, 0x000000074fa00000, 0x000000074fb00000|  0%| F|  |TAMS 0x000000074fa00000, 0x000000074fa00000| Untracked 
| 251|0x000000074fb00000, 0x000000074fb00000, 0x000000074fc00000|  0%| F|  |TAMS 0x000000074fb00000, 0x000000074fb00000| Untracked 
| 252|0x000000074fc00000, 0x000000074fc00000, 0x000000074fd00000|  0%| F|  |TAMS 0x000000074fc00000, 0x000000074fc00000| Untracked 
| 253|0x000000074fd00000, 0x000000074fd00000, 0x000000074fe00000|  0%| F|  |TAMS 0x000000074fd00000, 0x000000074fd00000| Untracked 
| 254|0x000000074fe00000, 0x000000074fe00000, 0x000000074ff00000|  0%| F|  |TAMS 0x000000074fe00000, 0x000000074fe00000| Untracked 
| 255|0x000000074ff00000, 0x000000074ff00000, 0x0000000750000000|  0%| F|  |TAMS 0x000000074ff00000, 0x000000074ff00000| Untracked 
| 256|0x0000000750000000, 0x0000000750000000, 0x0000000750100000|  0%| F|  |TAMS 0x0000000750000000, 0x0000000750000000| Untracked 
| 257|0x0000000750100000, 0x00000007501de040, 0x0000000750200000| 86%| S|CS|TAMS 0x0000000750100000, 0x0000000750100000| Complete 
| 258|0x0000000750200000, 0x0000000750200000, 0x0000000750300000|  0%| F|  |TAMS 0x0000000750200000, 0x0000000750200000| Untracked 
| 259|0x0000000750300000, 0x0000000750300000, 0x0000000750400000|  0%| F|  |TAMS 0x0000000750300000, 0x0000000750300000| Untracked 
| 260|0x0000000750400000, 0x0000000750400000, 0x0000000750500000|  0%| F|  |TAMS 0x0000000750400000, 0x0000000750400000| Untracked 
| 261|0x0000000750500000, 0x0000000750500000, 0x0000000750600000|  0%| F|  |TAMS 0x0000000750500000, 0x0000000750500000| Untracked 
| 262|0x0000000750600000, 0x0000000750600000, 0x0000000750700000|  0%| F|  |TAMS 0x0000000750600000, 0x0000000750600000| Untracked 
| 263|0x0000000750700000, 0x0000000750700000, 0x0000000750800000|  0%| F|  |TAMS 0x0000000750700000, 0x0000000750700000| Untracked 
| 264|0x0000000750800000, 0x0000000750800000, 0x0000000750900000|  0%| F|  |TAMS 0x0000000750800000, 0x0000000750800000| Untracked 
| 265|0x0000000750900000, 0x0000000750900000, 0x0000000750a00000|  0%| F|  |TAMS 0x0000000750900000, 0x0000000750900000| Untracked 
| 266|0x0000000750a00000, 0x0000000750a00000, 0x0000000750b00000|  0%| F|  |TAMS 0x0000000750a00000, 0x0000000750a00000| Untracked 
| 267|0x0000000750b00000, 0x0000000750b00000, 0x0000000750c00000|  0%| F|  |TAMS 0x0000000750b00000, 0x0000000750b00000| Untracked 
| 268|0x0000000750c00000, 0x0000000750ca04a0, 0x0000000750d00000| 62%| E|  |TAMS 0x0000000750c00000, 0x0000000750c00000| Complete 
| 269|0x0000000750d00000, 0x0000000750e00000, 0x0000000750e00000|100%| E|CS|TAMS 0x0000000750d00000, 0x0000000750d00000| Complete 
| 270|0x0000000750e00000, 0x0000000750f00000, 0x0000000750f00000|100%| E|CS|TAMS 0x0000000750e00000, 0x0000000750e00000| Complete 
| 271|0x0000000750f00000, 0x0000000751000000, 0x0000000751000000|100%| E|CS|TAMS 0x0000000750f00000, 0x0000000750f00000| Complete 
| 272|0x0000000751000000, 0x0000000751100000, 0x0000000751100000|100%| E|CS|TAMS 0x0000000751000000, 0x0000000751000000| Complete 
| 273|0x0000000751100000, 0x0000000751200000, 0x0000000751200000|100%| E|CS|TAMS 0x0000000751100000, 0x0000000751100000| Complete 
| 274|0x0000000751200000, 0x0000000751300000, 0x0000000751300000|100%| E|CS|TAMS 0x0000000751200000, 0x0000000751200000| Complete 
| 275|0x0000000751300000, 0x0000000751400000, 0x0000000751400000|100%| E|CS|TAMS 0x0000000751300000, 0x0000000751300000| Complete 
| 276|0x0000000751400000, 0x0000000751500000, 0x0000000751500000|100%| E|CS|TAMS 0x0000000751400000, 0x0000000751400000| Complete 
| 277|0x0000000751500000, 0x0000000751600000, 0x0000000751600000|100%| E|CS|TAMS 0x0000000751500000, 0x0000000751500000| Complete 
| 278|0x0000000751600000, 0x0000000751700000, 0x0000000751700000|100%| E|CS|TAMS 0x0000000751600000, 0x0000000751600000| Complete 
| 279|0x0000000751700000, 0x0000000751800000, 0x0000000751800000|100%| E|CS|TAMS 0x0000000751700000, 0x0000000751700000| Complete 
| 280|0x0000000751800000, 0x0000000751900000, 0x0000000751900000|100%| E|CS|TAMS 0x0000000751800000, 0x0000000751800000| Complete 
| 281|0x0000000751900000, 0x0000000751a00000, 0x0000000751a00000|100%| E|CS|TAMS 0x0000000751900000, 0x0000000751900000| Complete 
| 282|0x0000000751a00000, 0x0000000751b00000, 0x0000000751b00000|100%| E|CS|TAMS 0x0000000751a00000, 0x0000000751a00000| Complete 
| 283|0x0000000751b00000, 0x0000000751c00000, 0x0000000751c00000|100%| E|CS|TAMS 0x0000000751b00000, 0x0000000751b00000| Complete 
| 284|0x0000000751c00000, 0x0000000751d00000, 0x0000000751d00000|100%| E|CS|TAMS 0x0000000751c00000, 0x0000000751c00000| Complete 
| 285|0x0000000751d00000, 0x0000000751e00000, 0x0000000751e00000|100%| E|CS|TAMS 0x0000000751d00000, 0x0000000751d00000| Complete 
| 286|0x0000000751e00000, 0x0000000751f00000, 0x0000000751f00000|100%| E|CS|TAMS 0x0000000751e00000, 0x0000000751e00000| Complete 
| 287|0x0000000751f00000, 0x0000000752000000, 0x0000000752000000|100%| E|CS|TAMS 0x0000000751f00000, 0x0000000751f00000| Complete 
| 288|0x0000000752000000, 0x0000000752100000, 0x0000000752100000|100%| E|CS|TAMS 0x0000000752000000, 0x0000000752000000| Complete 
| 289|0x0000000752100000, 0x0000000752200000, 0x0000000752200000|100%| E|CS|TAMS 0x0000000752100000, 0x0000000752100000| Complete 
| 290|0x0000000752200000, 0x0000000752300000, 0x0000000752300000|100%| E|CS|TAMS 0x0000000752200000, 0x0000000752200000| Complete 
| 291|0x0000000752300000, 0x0000000752400000, 0x0000000752400000|100%| E|CS|TAMS 0x0000000752300000, 0x0000000752300000| Complete 
| 292|0x0000000752400000, 0x0000000752500000, 0x0000000752500000|100%| E|CS|TAMS 0x0000000752400000, 0x0000000752400000| Complete 
| 293|0x0000000752500000, 0x0000000752600000, 0x0000000752600000|100%| E|CS|TAMS 0x0000000752500000, 0x0000000752500000| Complete 
| 294|0x0000000752600000, 0x0000000752700000, 0x0000000752700000|100%| E|CS|TAMS 0x0000000752600000, 0x0000000752600000| Complete 
| 295|0x0000000752700000, 0x0000000752800000, 0x0000000752800000|100%| E|CS|TAMS 0x0000000752700000, 0x0000000752700000| Complete 
| 296|0x0000000752800000, 0x0000000752900000, 0x0000000752900000|100%| E|CS|TAMS 0x0000000752800000, 0x0000000752800000| Complete 
| 297|0x0000000752900000, 0x0000000752a00000, 0x0000000752a00000|100%| E|CS|TAMS 0x0000000752900000, 0x0000000752900000| Complete 
| 298|0x0000000752a00000, 0x0000000752b00000, 0x0000000752b00000|100%| E|CS|TAMS 0x0000000752a00000, 0x0000000752a00000| Complete 
| 299|0x0000000752b00000, 0x0000000752c00000, 0x0000000752c00000|100%| E|CS|TAMS 0x0000000752b00000, 0x0000000752b00000| Complete 
| 300|0x0000000752c00000, 0x0000000752d00000, 0x0000000752d00000|100%| E|CS|TAMS 0x0000000752c00000, 0x0000000752c00000| Complete 
| 301|0x0000000752d00000, 0x0000000752e00000, 0x0000000752e00000|100%| E|CS|TAMS 0x0000000752d00000, 0x0000000752d00000| Complete 
| 302|0x0000000752e00000, 0x0000000752f00000, 0x0000000752f00000|100%| E|CS|TAMS 0x0000000752e00000, 0x0000000752e00000| Complete 
| 303|0x0000000752f00000, 0x0000000753000000, 0x0000000753000000|100%| E|CS|TAMS 0x0000000752f00000, 0x0000000752f00000| Complete 
| 304|0x0000000753000000, 0x0000000753100000, 0x0000000753100000|100%| E|CS|TAMS 0x0000000753000000, 0x0000000753000000| Complete 
| 305|0x0000000753100000, 0x0000000753200000, 0x0000000753200000|100%| E|CS|TAMS 0x0000000753100000, 0x0000000753100000| Complete 
| 306|0x0000000753200000, 0x0000000753300000, 0x0000000753300000|100%| E|CS|TAMS 0x0000000753200000, 0x0000000753200000| Complete 
| 307|0x0000000753300000, 0x0000000753400000, 0x0000000753400000|100%| E|CS|TAMS 0x0000000753300000, 0x0000000753300000| Complete 
| 308|0x0000000753400000, 0x0000000753500000, 0x0000000753500000|100%| E|CS|TAMS 0x0000000753400000, 0x0000000753400000| Complete 
| 309|0x0000000753500000, 0x0000000753600000, 0x0000000753600000|100%| E|CS|TAMS 0x0000000753500000, 0x0000000753500000| Complete 
| 310|0x0000000753600000, 0x0000000753700000, 0x0000000753700000|100%| E|CS|TAMS 0x0000000753600000, 0x0000000753600000| Complete 
| 311|0x0000000753700000, 0x0000000753800000, 0x0000000753800000|100%| E|CS|TAMS 0x0000000753700000, 0x0000000753700000| Complete 
| 312|0x0000000753800000, 0x0000000753900000, 0x0000000753900000|100%| E|CS|TAMS 0x0000000753800000, 0x0000000753800000| Complete 
| 313|0x0000000753900000, 0x0000000753a00000, 0x0000000753a00000|100%| E|CS|TAMS 0x0000000753900000, 0x0000000753900000| Complete 
| 314|0x0000000753a00000, 0x0000000753b00000, 0x0000000753b00000|100%| E|CS|TAMS 0x0000000753a00000, 0x0000000753a00000| Complete 
| 315|0x0000000753b00000, 0x0000000753c00000, 0x0000000753c00000|100%| E|CS|TAMS 0x0000000753b00000, 0x0000000753b00000| Complete 
| 316|0x0000000753c00000, 0x0000000753d00000, 0x0000000753d00000|100%| E|CS|TAMS 0x0000000753c00000, 0x0000000753c00000| Complete 

Card table byte_map: [0x0000022e14300000,0x0000022e14900000] _byte_map_base: 0x0000022e10900000

Marking Bits (Prev, Next): (CMBitMap*) 0x0000022e412ad670, (CMBitMap*) 0x0000022e412ad638
 Prev Bits: [0x0000022e17f00000, 0x0000022e1af00000)
 Next Bits: [0x0000022e14f00000, 0x0000022e17f00000)

Polling page: 0x0000022e01f40000

Metaspace:

Usage:
  Non-class:     87.01 MB capacity,    86.19 MB (>99%) used,   632.05 KB ( <1%) free+waste,   208.13 KB ( <1%) overhead. 
      Class:     13.72 MB capacity,    13.15 MB ( 96%) used,   488.98 KB (  3%) free+waste,    91.69 KB ( <1%) overhead. 
       Both:    100.72 MB capacity,    99.34 MB ( 99%) used,     1.09 MB (  1%) free+waste,   299.81 KB ( <1%) overhead. 

Virtual space:
  Non-class space:       90.00 MB reserved,      88.58 MB ( 98%) committed 
      Class space:        1.00 GB reserved,      14.63 MB (  1%) committed 
             Both:        1.09 GB reserved,     103.20 MB (  9%) committed 

Chunk freelists:
   Non-Class:  177.00 KB
       Class:  104.25 KB
        Both:  281.25 KB

CodeHeap 'non-profiled nmethods': size=119168Kb used=28335Kb max_used=28567Kb free=90832Kb
 bounds [0x0000022e2d2c0000, 0x0000022e2eec0000, 0x0000022e34720000]
CodeHeap 'profiled nmethods': size=119168Kb used=47907Kb max_used=51031Kb free=71260Kb
 bounds [0x0000022e25e60000, 0x0000022e29090000, 0x0000022e2d2c0000]
CodeHeap 'non-nmethods': size=7424Kb used=1718Kb max_used=3443Kb free=5705Kb
 bounds [0x0000022e25720000, 0x0000022e25b70000, 0x0000022e25e60000]
 total_blobs=43008 nmethods=21329 adapters=1204
 compilation: enabled
              stopped_count=0, restarted_count=0
 full_count=0

Compilation events (10 events):
Event: 50042.951 Thread 0x0000022e42dd6800 28946       3       ui.frmwork.b.c::mouseExited (30 bytes)
Event: 50042.951 Thread 0x0000022e42dd6800 nmethod 28946 0x0000022e283ba890 code [0x0000022e283baa60, 0x0000022e283baea0]
Event: 50042.951 Thread 0x0000022e42dd6800 28947       3       ui.frmwork.b.c::huB (1 bytes)
Event: 50042.952 Thread 0x0000022e42dd6800 nmethod 28947 0x0000022e26ab2010 code [0x0000022e26ab21c0, 0x0000022e26ab2318]
Event: 50042.952 Thread 0x0000022e42dd6800 28948       3       ui.frmwork.b.j::S (1 bytes)
Event: 50042.952 Thread 0x0000022e42dd6800 nmethod 28948 0x0000022e26ad4190 code [0x0000022e26ad4340, 0x0000022e26ad4498]
Event: 50042.952 Thread 0x0000022e42dd6800 28949       3       ui.views.waveform.b.a::mouseExited (5 bytes)
Event: 50042.952 Thread 0x0000022e42dd6800 nmethod 28949 0x0000022e282a3390 code [0x0000022e282a3560, 0x0000022e282a37d0]
Event: 50042.952 Thread 0x0000022e42dd6800 28950       3       ui.views.waveform.b.a::klj (5 bytes)
Event: 50042.952 Thread 0x0000022e42dd6800 nmethod 28950 0x0000022e28074d90 code [0x0000022e28074f40, 0x0000022e280750d0]

GC Heap History (10 events):
Event: 50023.559 GC heap before
{Heap before GC invocations=2607 (full 960):
 garbage-first heap   total 327680K, used 113644K [0x0000000740000000, 0x0000000800000000)
  region size 1024K, 5 young (5120K), 1 survivors (1024K)
 Metaspace       used 101713K, capacity 103140K, committed 105680K, reserved 1140736K
  class space    used 13465K, capacity 14046K, committed 14976K, reserved 1048576K
}
Event: 50023.561 GC heap after
{Heap after GC invocations=2608 (full 960):
 garbage-first heap   total 327680K, used 110474K [0x0000000740000000, 0x0000000800000000)
  region size 1024K, 1 young (1024K), 1 survivors (1024K)
 Metaspace       used 101713K, capacity 103140K, committed 105680K, reserved 1140736K
  class space    used 13465K, capacity 14046K, committed 14976K, reserved 1048576K
}
Event: 50023.574 GC heap before
{Heap before GC invocations=2608 (full 960):
 garbage-first heap   total 327680K, used 116618K [0x0000000740000000, 0x0000000800000000)
  region size 1024K, 3 young (3072K), 1 survivors (1024K)
 Metaspace       used 101713K, capacity 103140K, committed 105680K, reserved 1140736K
  class space    used 13465K, capacity 14046K, committed 14976K, reserved 1048576K
}
Event: 50023.624 GC heap after
{Heap after GC invocations=2609 (full 961):
 garbage-first heap   total 324608K, used 94759K [0x0000000740000000, 0x0000000800000000)
  region size 1024K, 0 young (0K), 0 survivors (0K)
 Metaspace       used 101713K, capacity 103140K, committed 105680K, reserved 1140736K
  class space    used 13465K, capacity 14046K, committed 14976K, reserved 1048576K
}
Event: 50023.654 GC heap before
{Heap before GC invocations=2609 (full 961):
 garbage-first heap   total 324608K, used 99879K [0x0000000740000000, 0x0000000800000000)
  region size 1024K, 6 young (6144K), 0 survivors (0K)
 Metaspace       used 101713K, capacity 103140K, committed 105680K, reserved 1140736K
  class space    used 13465K, capacity 14046K, committed 14976K, reserved 1048576K
}
Event: 50023.706 GC heap after
{Heap after GC invocations=2610 (full 962):
 garbage-first heap   total 324608K, used 94894K [0x0000000740000000, 0x0000000800000000)
  region size 1024K, 0 young (0K), 0 survivors (0K)
 Metaspace       used 101713K, capacity 103140K, committed 105680K, reserved 1140736K
  class space    used 13465K, capacity 14046K, committed 14976K, reserved 1048576K
}
Event: 50032.669 GC heap before
{Heap before GC invocations=2610 (full 962):
 garbage-first heap   total 324608K, used 156334K [0x0000000740000000, 0x0000000800000000)
  region size 1024K, 60 young (61440K), 0 survivors (0K)
 Metaspace       used 101713K, capacity 103140K, committed 105680K, reserved 1140736K
  class space    used 13465K, capacity 14046K, committed 14976K, reserved 1048576K
}
Event: 50032.673 GC heap after
{Heap after GC invocations=2611 (full 962):
 garbage-first heap   total 324608K, used 95719K [0x0000000740000000, 0x0000000800000000)
  region size 1024K, 1 young (1024K), 1 survivors (1024K)
 Metaspace       used 101713K, capacity 103140K, committed 105680K, reserved 1140736K
  class space    used 13465K, capacity 14046K, committed 14976K, reserved 1048576K
}
Event: 50041.121 GC heap before
{Heap before GC invocations=2612 (full 962):
 garbage-first heap   total 324608K, used 156031K [0x0000000740000000, 0x0000000800000000)
  region size 1024K, 60 young (61440K), 1 survivors (1024K)
 Metaspace       used 101713K, capacity 103140K, committed 105680K, reserved 1140736K
  class space    used 13465K, capacity 14046K, committed 14976K, reserved 1048576K
}
Event: 50041.123 GC heap after
{Heap after GC invocations=2613 (full 962):
 garbage-first heap   total 324608K, used 95678K [0x0000000740000000, 0x0000000800000000)
  region size 1024K, 1 young (1024K), 1 survivors (1024K)
 Metaspace       used 101713K, capacity 103140K, committed 105680K, reserved 1140736K
  class space    used 13465K, capacity 14046K, committed 14976K, reserved 1048576K
}

Deoptimization events (10 events):
Event: 50000.391 Thread 0x0000022e0a4f7800 Uncommon trap: reason=unstable_if action=reinterpret pc=0x0000022e2ea0debc method=javax.swing.JComponent.processMouseMotionEvent(Ljava/awt/event/MouseEvent;)V @ 23 c2
Event: 50022.123 Thread 0x0000022e0a4f7800 Uncommon trap: reason=profile_predicate action=maybe_recompile pc=0x0000022e2e885060 method=ui.utils.h.j.T.q(Ljavax/swing/JTable;I)I @ 37 c2
Event: 50022.123 Thread 0x0000022e0a4f7800 Uncommon trap: reason=profile_predicate action=maybe_recompile pc=0x0000022e2e885060 method=ui.utils.h.j.T.q(Ljavax/swing/JTable;I)I @ 37 c2
Event: 50022.123 Thread 0x0000022e0a4f7800 Uncommon trap: reason=profile_predicate action=maybe_recompile pc=0x0000022e2e885060 method=ui.utils.h.j.T.q(Ljavax/swing/JTable;I)I @ 37 c2
Event: 50022.149 Thread 0x0000022e0a4f7800 Uncommon trap: reason=profile_predicate action=maybe_recompile pc=0x0000022e2e885060 method=ui.utils.h.j.T.q(Ljavax/swing/JTable;I)I @ 37 c2
Event: 50032.580 Thread 0x0000022e0a4f7800 Uncommon trap: reason=profile_predicate action=maybe_recompile pc=0x0000022e2e9c7038 method=com.jidesoft.grid.h.SearchViewIndicesInSavedPreference(Ljava/util/List;Z)[I @ 125 c2
Event: 50032.660 Thread 0x0000022e0a4f7800 Uncommon trap: reason=profile_predicate action=maybe_recompile pc=0x0000022e2e9c7038 method=com.jidesoft.grid.h.SearchViewIndicesInSavedPreference(Ljava/util/List;Z)[I @ 125 c2
Event: 50032.666 Thread 0x0000022e0a4f7800 Uncommon trap: reason=profile_predicate action=maybe_recompile pc=0x0000022e2e9c7038 method=com.jidesoft.grid.h.SearchViewIndicesInSavedPreference(Ljava/util/List;Z)[I @ 125 c2
Event: 50032.667 Thread 0x0000022e0a4f7800 Uncommon trap: reason=profile_predicate action=maybe_recompile pc=0x0000022e2e9c7038 method=com.jidesoft.grid.h.SearchViewIndicesInSavedPreference(Ljava/util/List;Z)[I @ 125 c2
Event: 50039.476 Thread 0x0000022e0a4f7800 Uncommon trap: reason=unstable_if action=reinterpret pc=0x0000022e2ee2148c method=javax.swing.JComponent.getObscuredState(IIIII)I @ 158 c2

Classes redefined (0 events):
No events

Internal exceptions (10 events):
Event: 49609.282 Thread 0x0000022e3f929000 Exception <a 'java/lang/InterruptedException'{0x0000000753114588}: sleep interrupted> (0x0000000753114588) thrown at [t:/workspace/open/src/hotspot/share/prims/jvm.cpp, line 3091]
Event: 49609.552 Thread 0x0000022e0a4f7800 Implicit null exception at 0x0000022e2e46e753 to 0x0000022e2e46e775
Event: 49609.552 Thread 0x0000022e0a4f7800 Implicit null exception at 0x0000022e2e8ee953 to 0x0000022e2e8ee975
Event: 49868.054 Thread 0x0000022e0a4f7800 Exception <a 'java/lang/NoSuchMethodError'{0x0000000751c6c8a0}: java.lang.invoke.DirectMethodHandle$Holder.invokeStatic(Ljava/lang/Object;Ljava/lang/Object;IILjava/lang/Object;)Ljava/lang/Object;> (0x0000000751c6c8a0) thrown at [t:/workspace/open/src/hots
Event: 49868.054 Thread 0x0000022e0a4f7800 Exception <a 'java/lang/NoSuchMethodError'{0x0000000751c70480}: java.lang.invoke.DirectMethodHandle$Holder.invokeSpecial(Ljava/lang/Object;Ljava/lang/Object;Ljava/lang/Object;IILjava/lang/Object;)Ljava/lang/Object;> (0x0000000751c70480) thrown at [t:/work
Event: 49868.054 Thread 0x0000022e0a4f7800 Exception <a 'java/lang/NoSuchMethodError'{0x0000000751c73a70}: java.lang.invoke.Invokers$Holder.linkToTargetMethod(Ljava/lang/Object;IILjava/lang/Object;Ljava/lang/Object;)Ljava/lang/Object;> (0x0000000751c73a70) thrown at [t:/workspace/open/src/hotspot/
Event: 50003.100 Thread 0x0000022e0a4f7800 Exception <a 'java/lang/NoSuchMethodError'{0x00000007517f2530}: java.lang.invoke.DirectMethodHandle$Holder.invokeSpecial(Ljava/lang/Object;Ljava/lang/Object;IILjava/lang/Object;ILjava/lang/Object;Ljava/lang/Object;Ljava/lang/Object;)Ljava/lang/Object;> (0
Event: 50003.100 Thread 0x0000022e0a4f7800 Exception <a 'java/lang/NoSuchMethodError'{0x00000007517f5f88}: java.lang.invoke.DelegatingMethodHandle$Holder.reinvoke_L(Ljava/lang/Object;IILjava/lang/Object;ILjava/lang/Object;Ljava/lang/Object;Ljava/lang/Object;)Ljava/lang/Object;> (0x00000007517f5f88
Event: 50003.101 Thread 0x0000022e0a4f7800 Exception <a 'java/lang/NoSuchMethodError'{0x000000075164cfd8}: java.lang.invoke.Invokers$Holder.linkToTargetMethod(Ljava/lang/Object;ILjava/lang/Object;Ljava/lang/Object;Ljava/lang/Object;Ljava/lang/Object;)Ljava/lang/Object;> (0x000000075164cfd8) thrown
Event: 50003.103 Thread 0x0000022e0a4f7800 Exception <a 'java/lang/NoSuchMethodError'{0x00000007516b4138}: java.lang.invoke.DelegatingMethodHandle$Holder.reinvoke_L(Ljava/lang/Object;IIILjava/lang/Object;Ljava/lang/Object;I)Ljava/lang/Object;> (0x00000007516b4138) thrown at [t:/workspace/open/src/

Events (10 events):
Event: 50042.732 Executing VM operation: RevokeBias
Event: 50042.732 Thread 0x0000022e35e26800 Thread exited: 0x0000022e35e26800
Event: 50042.732 Executing VM operation: RevokeBias done
Event: 50043.112 Thread 0x0000022e35e26800 Thread added: 0x0000022e35e26800
Event: 50043.115 Thread 0x0000022e35e26800 Thread exited: 0x0000022e35e26800
Event: 50043.835 Thread 0x0000022e35e26800 Thread added: 0x0000022e35e26800
Event: 50043.839 Executing VM operation: RevokeBias
Event: 50043.839 Executing VM operation: RevokeBias done
Event: 50044.113 Thread 0x0000022e35e2e800 Thread added: 0x0000022e35e2e800
Event: 50044.115 Thread 0x0000022e35e2e800 Thread exited: 0x0000022e35e2e800


Dynamic libraries:
0x00007ff7cf5c0000 - 0x00007ff7cf5ef000 	C:\Xilinx\Vivado\2020.2\bin\unwrapped\win64.o\vivado.exe
0x00007fffb0250000 - 0x00007fffb0467000 	C:\Windows\SYSTEM32\ntdll.dll
0x00007fffaeb30000 - 0x00007fffaebf4000 	C:\Windows\System32\KERNEL32.DLL
0x00007fffad630000 - 0x00007fffad9d7000 	C:\Windows\System32\KERNELBASE.dll
0x00007fffadd60000 - 0x00007fffade71000 	C:\Windows\System32\ucrtbase.dll
0x00007fff7c790000 - 0x00007fff7c81e000 	C:\Windows\SYSTEM32\MSVCP140.dll
0x00007fffaf5a0000 - 0x00007fffaf745000 	C:\Windows\System32\ole32.dll
0x00007fffade80000 - 0x00007fffadf1a000 	C:\Windows\System32\msvcp_win.dll
0x00007fff8cef0000 - 0x00007fff8cf08000 	C:\Xilinx\Vivado\2020.2\lib\win64.o\librdi_commonmain.dll
0x00007fff13d30000 - 0x00007fff14ea7000 	C:\Xilinx\Vivado\2020.2\lib\win64.o\librdi_common.dll
0x00007fff9acb0000 - 0x00007fff9acc3000 	C:\Xilinx\Vivado\2020.2\lib\win64.o\libboost_signals.dll
0x00007fffaf750000 - 0x00007fffaf779000 	C:\Windows\System32\GDI32.dll
0x00007fffadf20000 - 0x00007fffadf46000 	C:\Windows\System32\win32u.dll
0x00007fffafcb0000 - 0x00007fffafe5e000 	C:\Windows\System32\USER32.dll
0x00007fff7c820000 - 0x00007fff7c83b000 	C:\Windows\SYSTEM32\VCRUNTIME140.dll
0x00007fffad9e0000 - 0x00007fffadaf9000 	C:\Windows\System32\gdi32full.dll
0x00007fffaefa0000 - 0x00007fffaf052000 	C:\Windows\System32\ADVAPI32.dll
0x00007fff7c780000 - 0x00007fff7c78c000 	C:\Windows\SYSTEM32\VCRUNTIME140_1.dll
0x00007fffafe60000 - 0x00007fffb01e8000 	C:\Windows\System32\combase.dll
0x00007fffaea80000 - 0x00007fffaeb27000 	C:\Windows\System32\msvcrt.dll
0x00007fffaec00000 - 0x00007fffaed15000 	C:\Windows\System32\RPCRT4.dll
0x00007fffafc00000 - 0x00007fffafca8000 	C:\Windows\System32\sechost.dll
0x00007fffadf50000 - 0x00007fffadf78000 	C:\Windows\System32\bcrypt.dll
0x00007fff9a7b0000 - 0x00007fff9a7b9000 	C:\Xilinx\Vivado\2020.2\lib\win64.o\librdi_commonversion.dll
0x00007fff8e9d0000 - 0x00007fff8e9f2000 	C:\Xilinx\Vivado\2020.2\lib\win64.o\libboost_filesystem.dll
0x00007fffadff0000 - 0x00007fffae84c000 	C:\Windows\System32\SHELL32.dll
0x00007fffaf060000 - 0x00007fffaf0d1000 	C:\Windows\System32\WS2_32.dll
0x00007fff78fe0000 - 0x00007fff79179000 	C:\Xilinx\Vivado\2020.2\lib\win64.o\librdi_commonxillic.dll
0x000000005a9e0000 - 0x000000005ab0b000 	C:\Xilinx\Vivado\2020.2\lib\win64.o\tcl85t.dll
0x00007fff513f0000 - 0x00007fff5175e000 	C:\Xilinx\Vivado\2020.2\lib\win64.o\libCOIN-all.dll
0x00007fff9aca0000 - 0x00007fff9acb0000 	C:\Xilinx\Vivado\2020.2\lib\win64.o\libboost_date_time.dll
0x00007fff8d960000 - 0x00007fff8d9d3000 	C:\Xilinx\Vivado\2020.2\lib\win64.o\libboost_program_options.dll
0x00007fff7e990000 - 0x00007fff7eaa1000 	C:\Xilinx\Vivado\2020.2\lib\win64.o\libboost_regex.dll
0x00007fff9ac90000 - 0x00007fff9ac99000 	C:\Xilinx\Vivado\2020.2\lib\win64.o\libboost_system.dll
0x00007fff9a5d0000 - 0x00007fff9a5ee000 	C:\Xilinx\Vivado\2020.2\lib\win64.o\libboost_thread.dll
0x00007fff9ac80000 - 0x00007fff9ac8c000 	C:\Xilinx\Vivado\2020.2\lib\win64.o\libboost_xilinx.dll
0x00007fff8ac90000 - 0x00007fff8ad12000 	C:\Xilinx\Vivado\2020.2\lib\win64.o\libhdlpsolve.dll
0x00007fff7d210000 - 0x00007fff7d2b5000 	C:\Xilinx\Vivado\2020.2\lib\win64.o\libhdxml.dll
0x00007fff12f30000 - 0x00007fff13d22600 	C:\Xilinx\Vivado\2020.2\lib\win64.o\libisl_iostreams.dll
0x00007fff8d930000 - 0x00007fff8d958000 	C:\Xilinx\Vivado\2020.2\lib\win64.o\libisl_sysinfo.dll
0x00007fff8a340000 - 0x00007fff8a3a5000 	C:\Xilinx\Vivado\2020.2\lib\win64.o\liblmx6.0.dll
0x00007fff8d910000 - 0x00007fff8d92c000 	C:\Xilinx\Vivado\2020.2\lib\win64.o\librdiconfig.dll
0x00007fffae9b0000 - 0x00007fffaea0e000 	C:\Windows\System32\SHLWAPI.dll
0x00007fff8e1f0000 - 0x00007fff8e20a000 	C:\Xilinx\Vivado\2020.2\lib\win64.o\pthreadVC2.dll
0x00007fff8d320000 - 0x00007fff8d341000 	C:\Xilinx\Vivado\2020.2\lib\win64.o\librdizlib.dll
0x0000000012000000 - 0x0000000012270000 	C:\Xilinx\Vivado\2020.2\lib\win64.o\xerces-c_3_1.dll
0x00007fff96500000 - 0x00007fff969f4000 	C:\Windows\SYSTEM32\WININET.dll
0x00007fff8d760000 - 0x00007fff8d779000 	C:\Windows\SYSTEM32\NETAPI32.dll
0x00007fffa6fd0000 - 0x00007fffa7106000 	C:\Windows\SYSTEM32\WINHTTP.dll
0x00007fff95d10000 - 0x00007fff95f00000 	C:\Windows\SYSTEM32\urlmon.dll
0x00007fff5db90000 - 0x00007fff5db99000 	C:\Windows\SYSTEM32\WSOCK32.dll
0x00007fff88200000 - 0x00007fff88231000 	C:\Windows\SYSTEM32\VCOMP140.DLL
0x00007fff11010000 - 0x00007fff12f27000 	C:\Xilinx\Vivado\2020.2\lib\win64.o\gurobi90.dll
0x00007fffadbf0000 - 0x00007fffadd58000 	C:\Windows\System32\CRYPT32.dll
0x00007fffadf80000 - 0x00007fffadfe1000 	C:\Windows\System32\WLDAP32.dll
0x00007fffaea70000 - 0x00007fffaea78000 	C:\Windows\System32\Normaliz.dll
0x00007fff524b0000 - 0x00007fff5278b000 	C:\Xilinx\Vivado\2020.2\lib\win64.o\libXil_lmgr11.dll
0x00007fffae8b0000 - 0x00007fffae9a7000 	C:\Windows\System32\COMDLG32.dll
0x00007fff9abd0000 - 0x00007fff9abdc000 	C:\Xilinx\Vivado\2020.2\lib\win64.o\libboost_chrono.dll
0x00007fff8d880000 - 0x00007fff8d896000 	C:\Xilinx\Vivado\2020.2\lib\win64.o\libboost_iostreams.dll
0x00007fffaed20000 - 0x00007fffaee15000 	C:\Windows\System32\shcore.dll
0x00007fff8b6d0000 - 0x00007fff8b6f3000 	C:\Xilinx\Vivado\2020.2\lib\win64.o\libisl_iosutils.dll
0x00007fffaf4b0000 - 0x00007fffaf587000 	C:\Windows\System32\OLEAUT32.dll
0x00007fff95a00000 - 0x00007fff95a28000 	C:\Windows\SYSTEM32\srvcli.dll
0x00007fffac080000 - 0x00007fffac08c000 	C:\Windows\SYSTEM32\netutils.dll
0x00007fffadb80000 - 0x00007fffadbeb000 	C:\Windows\System32\WINTRUST.dll
0x00007fff95a50000 - 0x00007fff95d0e000 	C:\Windows\SYSTEM32\iertutil.dll
0x00007fff8b420000 - 0x00007fff8b4d3000 	C:\Windows\WinSxS\amd64_microsoft.windows.common-controls_6595b64144ccf1df_5.82.22621.3527_none_b43b7f4b638cc64f\COMCTL32.dll
0x00007fffa6c60000 - 0x00007fffa6c7f000 	C:\Windows\SYSTEM32\dhcpcsvc.DLL
0x00007fffacaf0000 - 0x00007fffacb59000 	C:\Windows\SYSTEM32\MSWSOCK.DLL
0x00007fffaee20000 - 0x00007fffaee51000 	C:\Windows\System32\IMM32.DLL
0x00007fffacdb0000 - 0x00007fffacdc2000 	C:\Windows\SYSTEM32\MSASN1.dll
0x00007fffac680000 - 0x00007fffac698000 	C:\Windows\SYSTEM32\kernel.appcore.dll
0x00007fff10ae0000 - 0x00007fff11002000 	C:\Xilinx\Vivado\2020.2\lib\win64.o\librdi_commontasks.dll
0x00007fff9a7a0000 - 0x00007fff9a7aa000 	C:\Windows\SYSTEM32\VERSION.dll
0x00007fff4fe40000 - 0x00007fff50115000 	C:\Xilinx\Vivado\2020.2\lib\win64.o\librdi_sio.dll
0x00007fff0ffb0000 - 0x00007fff10ad3000 	C:\Xilinx\Vivado\2020.2\tps\win64\jre11.0.2\bin\server\jvm.dll
0x00007fffac090000 - 0x00007fffac0bd000 	C:\Windows\SYSTEM32\IPHLPAPI.DLL
0x00007fffae8a0000 - 0x00007fffae8a8000 	C:\Windows\System32\PSAPI.DLL
0x00007fffa4e80000 - 0x00007fffa4eb4000 	C:\Windows\SYSTEM32\WINMM.dll
0x00007fffab4c0000 - 0x00007fffabdb6000 	C:\Windows\SYSTEM32\windows.storage.dll
0x00007fffab380000 - 0x00007fffab4be000 	C:\Windows\SYSTEM32\wintypes.dll
0x00007fff0d4f0000 - 0x00007fff0ffae000 	C:\Xilinx\Vivado\2020.2\lib\win64.o\librdi_tcltasks.dll
0x00007fff0d040000 - 0x00007fff0d4e6000 	C:\Xilinx\Vivado\2020.2\lib\win64.o\librdi_bitstream.dll
0x00007fff83120000 - 0x00007fff8319e000 	C:\Xilinx\Vivado\2020.2\lib\win64.o\librdi_boarddep.dll
0x00007fff78ee0000 - 0x00007fff78fd6000 	C:\Xilinx\Vivado\2020.2\lib\win64.o\librdi_chipscope.dll
0x00007fff55840000 - 0x00007fff559f3000 	C:\Xilinx\Vivado\2020.2\lib\win64.o\librdi_board.dll
0x00007fff52f00000 - 0x00007fff530ea000 	C:\Xilinx\Vivado\2020.2\lib\win64.o\librdi_chipscopeimpl.dll
0x00007fff094a0000 - 0x00007fff0b2cc000 	C:\Xilinx\Vivado\2020.2\lib\win64.o\librdi_constraints.dll
0x00007fff55d40000 - 0x00007fff55ea1000 	C:\Xilinx\Vivado\2020.2\lib\win64.o\librdi_containers.dll
0x00007fff08720000 - 0x00007fff08e38000 	C:\Xilinx\Vivado\2020.2\lib\win64.o\librdi_coregenipxact.dll
0x00007fff0b2d0000 - 0x00007fff0d031000 	C:\Xilinx\Vivado\2020.2\lib\win64.o\librdi_designutils.dll
0x00007fff05c90000 - 0x00007fff0804d000 	C:\Xilinx\Vivado\2020.2\lib\win64.o\librdi_coregen.dll
0x00007fff4f410000 - 0x00007fff4f778000 	C:\Xilinx\Vivado\2020.2\lib\win64.o\librdi_dlyest.dll
0x00007fff08e40000 - 0x00007fff0949d000 	C:\Xilinx\Vivado\2020.2\lib\win64.o\librdi_drc.dll
0x00007ffea06a0000 - 0x00007ffeb8c7f000 	C:\Xilinx\Vivado\2020.2\lib\win64.o\librdi_device.dll
0x00007fff76e00000 - 0x00007fff76eb3000 	C:\Xilinx\Vivado\2020.2\lib\win64.o\librdi_dsp.dll
0x00007fff08050000 - 0x00007fff08712000 	C:\Xilinx\Vivado\2020.2\lib\win64.o\librdi_filemgmt.dll
0x00007fff25780000 - 0x00007fff25a9d000 	C:\Xilinx\Vivado\2020.2\lib\win64.o\librdi_guitools.dll
0x00007fff80a40000 - 0x00007fff80aab000 	C:\Xilinx\Vivado\2020.2\lib\win64.o\librdi_hdf.dll
0x00007fff55b80000 - 0x00007fff55cc7000 	C:\Xilinx\Vivado\2020.2\lib\win64.o\librdi_hip_perf_analysis.dll
0x00007fff006b0000 - 0x00007fff02284000 	C:\Xilinx\Vivado\2020.2\lib\win64.o\librdi_implflow.dll
0x00007fff053c0000 - 0x00007fff05a0c000 	C:\Xilinx\Vivado\2020.2\lib\win64.o\librdi_memdata.dll
0x00007fff05a10000 - 0x00007fff05c87000 	C:\Xilinx\Vivado\2020.2\lib\win64.o\librdi_hip_devdesign.dll
0x00007fff7e910000 - 0x00007fff7e982000 	C:\Xilinx\Vivado\2020.2\lib\win64.o\librdi_memoryarray.dll
0x00007ffefc290000 - 0x00007ffefe6d4000 	C:\Xilinx\Vivado\2020.2\lib\win64.o\librdi_mig.dll
0x00007fff04c90000 - 0x00007fff053bc000 	C:\Xilinx\Vivado\2020.2\lib\win64.o\librdi_netlist.dll
0x00007ffedf660000 - 0x00007ffee2867000 	C:\Xilinx\Vivado\2020.2\lib\win64.o\librdi_place.dll
0x00007fff81270000 - 0x00007fff812c4000 	C:\Xilinx\Vivado\2020.2\lib\win64.o\librdi_pfi.dll
0x00007fff02e40000 - 0x00007fff031de000 	C:\Xilinx\Vivado\2020.2\lib\win64.o\librdi_platform.dll
0x00007fff027c0000 - 0x00007fff02e34000 	C:\Xilinx\Vivado\2020.2\lib\win64.o\librdi_project.dll
0x00007ffeec740000 - 0x00007ffeece62000 	C:\Xilinx\Vivado\2020.2\lib\win64.o\librdi_psta.dll
0x00007fff031e0000 - 0x00007fff039f7000 	C:\Xilinx\Vivado\2020.2\lib\win64.o\librdi_power.dll
0x00007ffefba80000 - 0x00007ffefc28c000 	C:\Xilinx\Vivado\2020.2\lib\win64.o\librdi_rsb.dll
0x00007fff4fd30000 - 0x00007fff4fe39000 	C:\Xilinx\Vivado\2020.2\lib\win64.o\librdi_runsbase.dll
0x00007ffeea170000 - 0x00007ffeeb0f1000 	C:\Xilinx\Vivado\2020.2\lib\win64.o\librdi_timing.dll
0x00007ffeeb650000 - 0x00007ffeebb7b000 	C:\Xilinx\Vivado\2020.2\lib\win64.o\librdi_runs.dll
0x00007fff04a10000 - 0x00007fff04c84000 	C:\Xilinx\Vivado\2020.2\lib\win64.o\librdi_simdata.dll
0x00007fff4d780000 - 0x00007fff4d896000 	C:\Xilinx\Vivado\2020.2\lib\win64.o\librdi_xhub.dll
0x00007fff78e30000 - 0x00007fff78ed7000 	C:\Xilinx\Vivado\2020.2\lib\win64.o\librdi_xhubtasks.dll
0x00007fff04610000 - 0x00007fff047fb000 	C:\Xilinx\Vivado\2020.2\lib\win64.o\librdi_advchipscopeimpl.dll
0x00007fff87fb0000 - 0x00007fff87ff7000 	C:\Xilinx\Vivado\2020.2\lib\win64.o\libboost_serialization.dll
0x00007fff4fc40000 - 0x00007fff4fd2b000 	C:\Xilinx\Vivado\2020.2\lib\win64.o\librdi_ipconfig_readwrite.dll
0x00007fff7e610000 - 0x00007fff7e67a000 	C:\Xilinx\Vivado\2020.2\lib\win64.o\librdi_noc_frameworks.dll
0x00007ffeff030000 - 0x00007ffeff32b000 	C:\Xilinx\Vivado\2020.2\lib\win64.o\librdi_hip_config.dll
0x00007ffeeb100000 - 0x00007ffeeb64e000 	C:\Xilinx\Vivado\2020.2\lib\win64.o\librdi_xdm.dll
0x00007ffede390000 - 0x00007ffedeee6000 	C:\Xilinx\Vivado\2020.2\lib\win64.o\libverific.dll
0x00007fff78a50000 - 0x00007fff78add000 	C:\Xilinx\Vivado\2020.2\lib\win64.o\treelite_runtime.dll

dbghelp: loaded successfully - version: 4.0.5 - missing functions: none
symbol engine: initialized successfully - sym options: 0x614 - pdb path: .;C:\Xilinx\Vivado\2020.2\bin\unwrapped\win64.o;C:\Windows\SYSTEM32;C:\Xilinx\Vivado\2020.2\lib\win64.o;C:\Windows\WinSxS\amd64_microsoft.windows.common-controls_6595b64144ccf1df_5.82.22621.3527_none_b43b7f4b638cc64f;C:\Xilinx\Vivado\2020.2\tps\win64\jre11.0.2\bin\server;C:\Xilinx\Vivado\2020.2\tps\win64\python-3.8.3;C:\Xilinx\Vivado\2020.2\tps\win64\jre11.0.2\bin;C:\Windows\WinSxS\amd64_microsoft.windows.common-controls_6595b64144ccf1df_6.0.22621.3527_none_270e469b73872a76;C:\Windows\WinSxS\amd64_microsoft.windows.gdiplus_6595b64144ccf1df_1.1.22621.3527_none_57f93980ce19a444

VM Arguments:
jvm_args: -Dsun.java2d.pmoffscreen=false -Dhttps.protocols=TLSv1,TLSv1.1,TLSv1.2 -Dsun.java2d.xrender=false -Dsun.java2d.d3d=false -Dsun.awt.nopixfmt=true -Dsun.java2d.dpiaware=true -Dsun.java2d.uiScale.enabled=false -Xverify:none -Dswing.aatext=true -XX:-UsePerfData -Djdk.map.althashing.threshold=512 -XX:StringTableSize=4072 --add-opens=java.base/java.nio=ALL-UNNAMED --add-opens=java.desktop/sun.swing=ALL-UNNAMED --add-opens=java.desktop/javax.swing=ALL-UNNAMED --add-opens=java.desktop/javax.swing.tree=ALL-UNNAMED --add-opens=java.desktop/javax.swing.plaf.basic=ALL-UNNAMED --add-opens=java.desktop/javax.swing.plaf.synth=ALL-UNNAMED --add-opens=java.desktop/com.sun.awt=ALL-UNNAMED -XX:NewSize=60m -XX:MaxNewSize=60m -Xms128m -Xmx3072m -Xss5m 
java_command: <unknown>
java_class_path (initial): C:/Xilinx/Vivado/2020.2\lib\classes\alloy.jar;C:/Xilinx/Vivado/2020.2\lib\classes\ArchiveSummary.jar;C:/Xilinx/Vivado/2020.2\lib\classes\autoesl-models.jar;C:/Xilinx/Vivado/2020.2\lib\classes\autopilot.scelaborator.jar;C:/Xilinx/Vivado/2020.2\lib\classes\autopilot.sourceprocessor.jar;C:/Xilinx/Vivado/2020.2\lib\classes\autopilot.tbprocessor.jar;C:/Xilinx/Vivado/2020.2\lib\classes\batik-anim.jar;C:/Xilinx/Vivado/2020.2\lib\classes\batik-awt-util.jar;C:/Xilinx/Vivado/2020.2\lib\classes\batik-bridge.jar;C:/Xilinx/Vivado/2020.2\lib\classes\batik-codec.jar;C:/Xilinx/Vivado/2020.2\lib\classes\batik-css.jar;C:/Xilinx/Vivado/2020.2\lib\classes\batik-dom.jar;C:/Xilinx/Vivado/2020.2\lib\classes\batik-ext.jar;C:/Xilinx/Vivado/2020.2\lib\classes\batik-gui-util.jar;C:/Xilinx/Vivado/2020.2\lib\classes\batik-gvt.jar;C:/Xilinx/Vivado/2020.2\lib\classes\batik-parser.jar;C:/Xilinx/Vivado/2020.2\lib\classes\batik-script.jar;C:/Xilinx/Vivado/2020.2\lib\classes\batik-svg-dom.jar;C:/Xilinx/Vivado/2020.2\lib\classes\batik-swing.jar;C:/Xilinx/Vivado/2020.2\lib\classes\batik-transcoder.jar;C:/Xilinx/Vivado/2020.2\lib\classes\batik-util.jar;C:/Xilinx/Vivado/2020.2\lib\classes\batik-xml.jar;C:/Xilinx/Vivado/2020.2\lib\classes\com.google.gson_2.8.2.v20180104-1110.jar;C:/Xilinx/Vivado/2020.2\lib\classes\com.google.guava_27.1.0.v20190517-1946.jar;C:/Xilinx/Vivado/2020.2\lib\classes\com.ibm.icu_4.4.2.v20110208.jar;C:/Xilinx/Vivado/2020.2\lib\classes\com.sigasi.hdt.connection_4.9.0.202009050929.jar;C:/Xilinx/Vivado/2020.2\lib\classes\com.sigasi.hdt.epl_4.9.0.202009050929.jar;C:/Xilinx/Vivado/2020.2\lib\classes\com.sigasi.hdt.project_4.9.0.202009050929.jar;C:/Xilinx/Vivado/2020.2\lib\classes\com.sigasi.hdt.readonlyfilesystem_4.9.0.202009050929.jar;C:/Xilinx/Vivado/2020.2\lib\classes\com.sigasi.lcm_4.9.0.202009050929.jar;C:/Xilinx/Vivado/2020.2\lib\classes\com.sigasi.sdk.client_4.9.0.202009050929.jar;C:/Xilinx/Vivado/2020.2\lib\classes\com.xilinx.hls.services.jar;C:/Xili
Launcher Type: generic

[Global flags]
     bool BytecodeVerificationLocal                = false                                     {product} {command line}
     bool BytecodeVerificationRemote               = false                                     {product} {command line}
     intx CICompilerCount                          = 12                                        {product} {ergonomic}
     uint ConcGCThreads                            = 3                                         {product} {ergonomic}
     uint G1ConcRefinementThreads                  = 13                                        {product} {ergonomic}
   size_t G1HeapRegionSize                         = 1048576                                   {product} {ergonomic}
    uintx GCDrainStackTargetSize                   = 64                                        {product} {ergonomic}
   size_t InitialHeapSize                          = 134217728                                 {product} {command line}
   size_t MarkStackSize                            = 4194304                                   {product} {ergonomic}
   size_t MaxHeapSize                              = 3221225472                                {product} {command line}
   size_t MaxNewSize                               = 62914560                                  {product} {command line}
   size_t MinHeapDeltaBytes                        = 1048576                                   {product} {ergonomic}
   size_t NewSize                                  = 62914560                                  {product} {command line}
    uintx NonNMethodCodeHeapSize                   = 7591728                                {pd product} {ergonomic}
    uintx NonProfiledCodeHeapSize                  = 122033256                              {pd product} {ergonomic}
    uintx ProfiledCodeHeapSize                     = 122033256                              {pd product} {ergonomic}
    uintx ReservedCodeCacheSize                    = 251658240                              {pd product} {ergonomic}
     bool SegmentedCodeCache                       = true                                      {product} {ergonomic}
    uintx StringTableSize                          = 4072                                      {product} {command line}
     intx ThreadStackSize                          = 5120                                   {pd product} {command line}
     bool UseCompressedClassPointers               = true                                 {lp64_product} {ergonomic}
     bool UseCompressedOops                        = true                                 {lp64_product} {ergonomic}
     bool UseG1GC                                  = true                                      {product} {ergonomic}
     bool UseLargePagesIndividualAllocation        = false                                  {pd product} {ergonomic}
     bool UsePerfData                              = false                                     {product} {command line}

Logging:
Log output configuration:
 #0: stdout all=warning uptime,level,tags
 #1: stderr all=off uptime,level,tags

Environment Variables:
PATH=C:/Xilinx/Vivado/2020.2\gnuwin\bin;C:/Xilinx/Vivado/2020.2\gnu\microblaze\nt\bin;C:/Xilinx/Vivado/2020.2/bin;C:/Xilinx/Vivado/2020.2/tps/win64/javafx-sdk-11.0.2/lib;C:/Xilinx/Vivado/2020.2/tps/win64/javafx-sdk-11.0.2/bin;C:/Xilinx/Vivado/2020.2/lib/win64.o;C:/Xilinx/Vivado/2020.2/tps/win64/jre11.0.2/bin/server;C:/Xilinx/Vivado/2020.2/tps/win64/jre11.0.2/bin;C:/Xilinx/Vitis/2020.2/bin;C:/Xilinx/Vivado/2020.2/ids_lite/ISE/bin/nt64;C:/Xilinx/Vivado/2020.2/ids_lite/ISE/lib/nt64;C:/Xilinx/Vitis_HLS/2020.2/bin;C:\Program Files (x86)\Common Files\Oracle\Java\java8path;C:\Program Files (x86)\Common Files\Oracle\Java\javapath;C:\Windows\system32;C:\Windows;C:\Windows\System32\Wbem;C:\Windows\System32\WindowsPowerShell\v1.0\;C:\Windows\System32\OpenSSH\;C:\Program Files\Bandizip\;C:\Program Files\Git\cmd;C:\Program Files (x86)\IVI Foundation\VISA\WinNT\Bin\;C:\Program Files\IVI Foundation\VISA\Win64\Bin\;C:\Users\kccistc\AppData\Local\Microsoft\WindowsApps;C:\Users\kccistc\AppData\Local\Programs\Microsoft VS Code\bin;;C:/Xilinx/Vivado/2020.2\tps\mingw\6.2.0\win64.o\nt\bin;C:/Xilinx/Vivado/2020.2\tps\mingw\6.2.0\win64.o\nt\libexec\gcc\x86_64-w64-mingw32\6.2.0;C:/Xilinx/Vivado/2020.2\tps\win64\python-3.8.3;C:/Xilinx/Vivado/2020.2\tps\win64\python-3.8.3\bin;C:/Xilinx/Vivado/2020.2\tps\win64\python-3.8.3\lib;C:/Xilinx/Vivado/2020.2\tps\win64\python-3.8.3\lib\site-packages
USERNAME=kccistc
OS=Windows_NT
PROCESSOR_IDENTIFIER=Intel64 Family 6 Model 154 Stepping 3, GenuineIntel



---------------  S Y S T E M  ---------------

OS: Windows 10 , 64 bit Build 22621 (10.0.22621.3527)

CPU:total 16 (initial active 16) (8 cores per cpu, 2 threads per core) family 6 model 154 stepping 3, cmov, cx8, fxsr, mmx, sse, sse2, sse3, ssse3, sse4.1, sse4.2, popcnt, avx, avx2, aes, clmul, erms, 3dnowpref, lzcnt, ht, tsc, tscinvbit, bmi1, bmi2, adx, sha, fma

Memory: 4k page, system-wide physical 16066M (6729M free)
TotalPageFile size 32450M (AvailPageFile size 16472M)
current process WorkingSet (physical memory assigned to process): 658M, peak: 2525M
current process commit charge ("private bytes"): 2801M, peak: 3526M

vm_info: OpenJDK 64-Bit Server VM (11.0.2+9) for windows-amd64 JRE (11.0.2+9), built on Jan 18 2019 05:23:22 by "mach5one" with MS VC++ 15.5 (VS2017)

END.
